[ 2016-10-31T10:05:16+08:00 ] 180.168.97.115 /livemanage/admin.php?m=Admin&c=Index&a=getcase
INFO: [ app_init ] --START--
INFO: Run Behavior\BuildLiteBehavior [ RunTime:0.000025s ]
INFO: [ app_init ] --END-- [ RunTime:0.000530s ]
INFO: [ app_begin ] --START--
INFO: Run Behavior\ReadHtmlCacheBehavior [ RunTime:0.000662s ]
INFO: [ app_begin ] --END-- [ RunTime:0.000737s ]
NOTIC: [8] Undefined index: r_type_link /opt/tvmlive/livemanage/Application/Admin/Controller/IndexController.class.php 第 99 行.
SQL: SHOW COLUMNS FROM `case_info` [ RunTime:0.0013s ]
SQL: SELECT COUNT(*) AS tp_count FROM `case_info` LIMIT 1   [ RunTime:0.0007s ]
SQL: SELECT * FROM `case_info` ORDER BY case_weight asc, createtime desc LIMIT 0,20   [ RunTime:0.0008s ]

[ 2016-10-31T10:28:39+08:00 ] 124.205.90.66 /livemanage/admin.php?m=Admin&c=Index&a=getcase
INFO: [ app_init ] --START--
INFO: Run Behavior\BuildLiteBehavior [ RunTime:0.000025s ]
INFO: [ app_init ] --END-- [ RunTime:0.000526s ]
INFO: [ app_begin ] --START--
INFO: Run Behavior\ReadHtmlCacheBehavior [ RunTime:0.000653s ]
INFO: [ app_begin ] --END-- [ RunTime:0.000729s ]
NOTIC: [8] Undefined index: r_type_link /opt/tvmlive/livemanage/Application/Admin/Controller/IndexController.class.php 第 99 行.
SQL: SHOW COLUMNS FROM `case_info` [ RunTime:0.0013s ]
SQL: SELECT COUNT(*) AS tp_count FROM `case_info` LIMIT 1   [ RunTime:0.0006s ]
SQL: SELECT * FROM `case_info` ORDER BY case_weight asc, createtime desc LIMIT 0,20   [ RunTime:0.0008s ]

[ 2016-10-31T10:28:41+08:00 ] 124.205.90.66 /livemanage/admin.php?m=Admin&c=Index&a=getcase
INFO: [ app_init ] --START--
INFO: Run Behavior\BuildLiteBehavior [ RunTime:0.000021s ]
INFO: [ app_init ] --END-- [ RunTime:0.000482s ]
INFO: [ app_begin ] --START--
INFO: Run Behavior\ReadHtmlCacheBehavior [ RunTime:0.000638s ]
INFO: [ app_begin ] --END-- [ RunTime:0.000714s ]
NOTIC: [8] Undefined index: r_type_link /opt/tvmlive/livemanage/Application/Admin/Controller/IndexController.class.php 第 99 行.
SQL: SHOW COLUMNS FROM `case_info` [ RunTime:0.0009s ]
SQL: SELECT COUNT(*) AS tp_count FROM `case_info` LIMIT 1   [ RunTime:0.0005s ]
SQL: SELECT * FROM `case_info` ORDER BY case_weight asc, createtime desc LIMIT 0,20   [ RunTime:0.0006s ]

[ 2016-10-31T10:29:35+08:00 ] 124.205.90.66 /livemanage/admin.php?m=Admin&c=Index&a=getnews
INFO: [ app_init ] --START--
INFO: Run Behavior\BuildLiteBehavior [ RunTime:0.000026s ]
INFO: [ app_init ] --END-- [ RunTime:0.000517s ]
INFO: [ app_begin ] --START--
INFO: Run Behavior\ReadHtmlCacheBehavior [ RunTime:0.000648s ]
INFO: [ app_begin ] --END-- [ RunTime:0.000732s ]
NOTIC: [8] Undefined index: r_type_link /opt/tvmlive/livemanage/Application/Admin/Controller/IndexController.class.php 第 340 行.
SQL: SHOW COLUMNS FROM `news_info` [ RunTime:0.0013s ]
SQL: SELECT COUNT(*) AS tp_count FROM `news_info` LIMIT 1   [ RunTime:0.0006s ]
SQL: SELECT * FROM `news_info` ORDER BY news_weight asc,news_time desc,create_time desc LIMIT 0,5   [ RunTime:0.0008s ]

[ 2016-10-31T10:29:42+08:00 ] 124.205.90.66 /livemanage/admin.php?m=Admin&c=Index&a=getNewsById
INFO: [ app_init ] --START--
INFO: Run Behavior\BuildLiteBehavior [ RunTime:0.000025s ]
INFO: [ app_init ] --END-- [ RunTime:0.000522s ]
INFO: [ app_begin ] --START--
INFO: Run Behavior\ReadHtmlCacheBehavior [ RunTime:0.000641s ]
INFO: [ app_begin ] --END-- [ RunTime:0.000716s ]
NOTIC: [8] Undefined index: r_type_link /opt/tvmlive/livemanage/Application/Admin/Controller/IndexController.class.php 第 383 行.
SQL: SHOW COLUMNS FROM `news_info` [ RunTime:0.0013s ]
SQL: select * from news_info where id='22' [ RunTime:0.0007s ]

[ 2016-10-31T10:29:42+08:00 ] 124.205.90.66 /livemanage/admin.php?m=Admin&c=Index&a=getnews
INFO: [ app_init ] --START--
INFO: Run Behavior\BuildLiteBehavior [ RunTime:0.000022s ]
INFO: [ app_init ] --END-- [ RunTime:0.000495s ]
INFO: [ app_begin ] --START--
INFO: Run Behavior\ReadHtmlCacheBehavior [ RunTime:0.000655s ]
INFO: [ app_begin ] --END-- [ RunTime:0.000729s ]
NOTIC: [8] Undefined index: r_type_link /opt/tvmlive/livemanage/Application/Admin/Controller/IndexController.class.php 第 340 行.
NOTIC: [8] Undefined index: page /opt/tvmlive/livemanage/Application/Admin/Controller/IndexController.class.php 第 341 行.
SQL: SHOW COLUMNS FROM `news_info` [ RunTime:0.0010s ]
SQL: SELECT COUNT(*) AS tp_count FROM `news_info` LIMIT 1   [ RunTime:0.0006s ]
SQL: SELECT * FROM `news_info` ORDER BY news_weight asc,news_time desc,create_time desc LIMIT 0,10   [ RunTime:0.0007s ]

[ 2016-10-31T10:29:49+08:00 ] 124.205.90.66 /livemanage/admin.php?m=Admin&c=Index&a=getnews
INFO: [ app_init ] --START--
INFO: Run Behavior\BuildLiteBehavior [ RunTime:0.000026s ]
INFO: [ app_init ] --END-- [ RunTime:0.000523s ]
INFO: [ app_begin ] --START--
INFO: Run Behavior\ReadHtmlCacheBehavior [ RunTime:0.000670s ]
INFO: [ app_begin ] --END-- [ RunTime:0.000746s ]
NOTIC: [8] Undefined index: r_type_link /opt/tvmlive/livemanage/Application/Admin/Controller/IndexController.class.php 第 340 行.
SQL: SHOW COLUMNS FROM `news_info` [ RunTime:0.0013s ]
SQL: SELECT COUNT(*) AS tp_count FROM `news_info` LIMIT 1   [ RunTime:0.0006s ]
SQL: SELECT * FROM `news_info` ORDER BY news_weight asc,news_time desc,create_time desc LIMIT 0,5   [ RunTime:0.0008s ]

[ 2016-10-31T10:29:50+08:00 ] 124.205.90.66 /livemanage/admin.php?m=Admin&c=Index&a=getnews
INFO: [ app_init ] --START--
INFO: Run Behavior\BuildLiteBehavior [ RunTime:0.000021s ]
INFO: [ app_init ] --END-- [ RunTime:0.000485s ]
INFO: [ app_begin ] --START--
INFO: Run Behavior\ReadHtmlCacheBehavior [ RunTime:0.000656s ]
INFO: [ app_begin ] --END-- [ RunTime:0.000732s ]
NOTIC: [8] Undefined index: r_type_link /opt/tvmlive/livemanage/Application/Admin/Controller/IndexController.class.php 第 340 行.
NOTIC: [8] Undefined index: page /opt/tvmlive/livemanage/Application/Admin/Controller/IndexController.class.php 第 341 行.
SQL: SHOW COLUMNS FROM `news_info` [ RunTime:0.0011s ]
SQL: SELECT COUNT(*) AS tp_count FROM `news_info` LIMIT 1   [ RunTime:0.0005s ]
SQL: SELECT * FROM `news_info` ORDER BY news_weight asc,news_time desc,create_time desc LIMIT 0,10   [ RunTime:0.0007s ]

[ 2016-10-31T10:29:50+08:00 ] 124.205.90.66 /livemanage/admin.php?m=Admin&c=Index&a=getNewsById
INFO: [ app_init ] --START--
INFO: Run Behavior\BuildLiteBehavior [ RunTime:0.000021s ]
INFO: [ app_init ] --END-- [ RunTime:0.000498s ]
INFO: [ app_begin ] --START--
INFO: Run Behavior\ReadHtmlCacheBehavior [ RunTime:0.000644s ]
INFO: [ app_begin ] --END-- [ RunTime:0.000721s ]
NOTIC: [8] Undefined index: r_type_link /opt/tvmlive/livemanage/Application/Admin/Controller/IndexController.class.php 第 383 行.
SQL: SHOW COLUMNS FROM `news_info` [ RunTime:0.0010s ]
SQL: select * from news_info where id='19' [ RunTime:0.0006s ]

[ 2016-10-31T10:29:58+08:00 ] 124.205.90.66 /livemanage/admin.php?m=Admin&c=Index&a=getnews
INFO: [ app_init ] --START--
INFO: Run Behavior\BuildLiteBehavior [ RunTime:0.000025s ]
INFO: [ app_init ] --END-- [ RunTime:0.000523s ]
INFO: [ app_begin ] --START--
INFO: Run Behavior\ReadHtmlCacheBehavior [ RunTime:0.000667s ]
INFO: [ app_begin ] --END-- [ RunTime:0.000743s ]
NOTIC: [8] Undefined index: r_type_link /opt/tvmlive/livemanage/Application/Admin/Controller/IndexController.class.php 第 340 行.
SQL: SHOW COLUMNS FROM `news_info` [ RunTime:0.0013s ]
SQL: SELECT COUNT(*) AS tp_count FROM `news_info` LIMIT 1   [ RunTime:0.0005s ]
SQL: SELECT * FROM `news_info` ORDER BY news_weight asc,news_time desc,create_time desc LIMIT 0,5   [ RunTime:0.0007s ]

[ 2016-10-31T10:30:00+08:00 ] 124.205.90.66 /livemanage/admin.php?m=Admin&c=Index&a=getNewsById
INFO: [ app_init ] --START--
INFO: Run Behavior\BuildLiteBehavior [ RunTime:0.000024s ]
INFO: [ app_init ] --END-- [ RunTime:0.000511s ]
INFO: [ app_begin ] --START--
INFO: Run Behavior\ReadHtmlCacheBehavior [ RunTime:0.000653s ]
INFO: [ app_begin ] --END-- [ RunTime:0.000730s ]
NOTIC: [8] Undefined index: r_type_link /opt/tvmlive/livemanage/Application/Admin/Controller/IndexController.class.php 第 383 行.
SQL: SHOW COLUMNS FROM `news_info` [ RunTime:0.0010s ]
SQL: select * from news_info where id='19' [ RunTime:0.0006s ]

[ 2016-10-31T10:30:00+08:00 ] 124.205.90.66 /livemanage/admin.php?m=Admin&c=Index&a=getnews
INFO: [ app_init ] --START--
INFO: Run Behavior\BuildLiteBehavior [ RunTime:0.000021s ]
INFO: [ app_init ] --END-- [ RunTime:0.000504s ]
INFO: [ app_begin ] --START--
INFO: Run Behavior\ReadHtmlCacheBehavior [ RunTime:0.000649s ]
INFO: [ app_begin ] --END-- [ RunTime:0.000726s ]
NOTIC: [8] Undefined index: r_type_link /opt/tvmlive/livemanage/Application/Admin/Controller/IndexController.class.php 第 340 行.
NOTIC: [8] Undefined index: page /opt/tvmlive/livemanage/Application/Admin/Controller/IndexController.class.php 第 341 行.
SQL: SHOW COLUMNS FROM `news_info` [ RunTime:0.0010s ]
SQL: SELECT COUNT(*) AS tp_count FROM `news_info` LIMIT 1   [ RunTime:0.0004s ]
SQL: SELECT * FROM `news_info` ORDER BY news_weight asc,news_time desc,create_time desc LIMIT 0,10   [ RunTime:0.0006s ]

[ 2016-10-31T10:30:04+08:00 ] 124.205.90.66 /livemanage/admin.php?m=Admin&c=Index&a=getnews
INFO: [ app_init ] --START--
INFO: Run Behavior\BuildLiteBehavior [ RunTime:0.000026s ]
INFO: [ app_init ] --END-- [ RunTime:0.000513s ]
INFO: [ app_begin ] --START--
INFO: Run Behavior\ReadHtmlCacheBehavior [ RunTime:0.000647s ]
INFO: [ app_begin ] --END-- [ RunTime:0.000724s ]
NOTIC: [8] Undefined index: r_type_link /opt/tvmlive/livemanage/Application/Admin/Controller/IndexController.class.php 第 340 行.
SQL: SHOW COLUMNS FROM `news_info` [ RunTime:0.0011s ]
SQL: SELECT COUNT(*) AS tp_count FROM `news_info` LIMIT 1   [ RunTime:0.0004s ]
SQL: SELECT * FROM `news_info` ORDER BY news_weight asc,news_time desc,create_time desc LIMIT 0,5   [ RunTime:0.0007s ]

[ 2016-10-31T10:46:05+08:00 ] 112.90.82.218 /livemanage/admin.php
INFO: [ app_init ] --START--
INFO: Run Behavior\BuildLiteBehavior [ RunTime:0.000026s ]
INFO: [ app_init ] --END-- [ RunTime:0.000526s ]
INFO: [ app_begin ] --START--
INFO: Run Behavior\ReadHtmlCacheBehavior [ RunTime:0.000653s ]
INFO: [ app_begin ] --END-- [ RunTime:0.000732s ]
INFO: [ view_parse ] --START--
INFO: [ template_filter ] --START--
INFO: Run Behavior\ContentReplaceBehavior [ RunTime:0.000060s ]
INFO: [ template_filter ] --END-- [ RunTime:0.000139s ]
INFO: Run Behavior\ParseTemplateBehavior [ RunTime:0.007979s ]
INFO: [ view_parse ] --END-- [ RunTime:0.008060s ]
INFO: [ view_filter ] --START--
INFO: Run Behavior\WriteHtmlCacheBehavior [ RunTime:0.000213s ]
INFO: [ view_filter ] --END-- [ RunTime:0.000279s ]
INFO: [ app_end ] --START--
INFO: Run Behavior\ShowPageTraceBehavior [ RunTime:0.000710s ]
INFO: [ app_end ] --END-- [ RunTime:0.000779s ]

[ 2016-10-31T10:57:45+08:00 ] 124.205.90.66 /livemanage/admin.php?m=Admin&c=Index&a=getnews
INFO: [ app_init ] --START--
INFO: Run Behavior\BuildLiteBehavior [ RunTime:0.000027s ]
INFO: [ app_init ] --END-- [ RunTime:0.000527s ]
INFO: [ app_begin ] --START--
INFO: Run Behavior\ReadHtmlCacheBehavior [ RunTime:0.000655s ]
INFO: [ app_begin ] --END-- [ RunTime:0.000730s ]
NOTIC: [8] Undefined index: r_type_link /opt/tvmlive/livemanage/Application/Admin/Controller/IndexController.class.php 第 340 行.
SQL: SHOW COLUMNS FROM `news_info` [ RunTime:0.0013s ]
SQL: SELECT COUNT(*) AS tp_count FROM `news_info` LIMIT 1   [ RunTime:0.0005s ]
SQL: SELECT * FROM `news_info` ORDER BY news_weight asc,news_time desc,create_time desc LIMIT 0,5   [ RunTime:0.0007s ]

[ 2016-10-31T11:19:38+08:00 ] 117.136.38.75 /livemanage/admin.php?m=Admin&c=Index&a=getcase
INFO: [ app_init ] --START--
INFO: Run Behavior\BuildLiteBehavior [ RunTime:0.000025s ]
INFO: [ app_init ] --END-- [ RunTime:0.000510s ]
INFO: [ app_begin ] --START--
INFO: Run Behavior\ReadHtmlCacheBehavior [ RunTime:0.000657s ]
INFO: [ app_begin ] --END-- [ RunTime:0.000734s ]
NOTIC: [8] Undefined index: r_type_link /opt/tvmlive/livemanage/Application/Admin/Controller/IndexController.class.php 第 99 行.
SQL: SHOW COLUMNS FROM `case_info` [ RunTime:0.0013s ]
SQL: SELECT COUNT(*) AS tp_count FROM `case_info` LIMIT 1   [ RunTime:0.0005s ]
SQL: SELECT * FROM `case_info` ORDER BY case_weight asc, createtime desc LIMIT 0,20   [ RunTime:0.0007s ]

[ 2016-10-31T11:21:05+08:00 ] 117.136.38.75 /livemanage/admin.php?m=Admin&c=Index&a=getcase
INFO: [ app_init ] --START--
INFO: Run Behavior\BuildLiteBehavior [ RunTime:0.000025s ]
INFO: [ app_init ] --END-- [ RunTime:0.000506s ]
INFO: [ app_begin ] --START--
INFO: Run Behavior\ReadHtmlCacheBehavior [ RunTime:0.000638s ]
INFO: [ app_begin ] --END-- [ RunTime:0.000714s ]
NOTIC: [8] Undefined index: r_type_link /opt/tvmlive/livemanage/Application/Admin/Controller/IndexController.class.php 第 99 行.
SQL: SHOW COLUMNS FROM `case_info` [ RunTime:0.0013s ]
SQL: SELECT COUNT(*) AS tp_count FROM `case_info` LIMIT 1   [ RunTime:0.0006s ]
SQL: SELECT * FROM `case_info` ORDER BY case_weight asc, createtime desc LIMIT 0,20   [ RunTime:0.0008s ]

[ 2016-10-31T11:36:52+08:00 ] 101.81.59.140 /livemanage/admin.php?m=Admin&c=Index&a=getnews
INFO: [ app_init ] --START--
INFO: Run Behavior\BuildLiteBehavior [ RunTime:0.000025s ]
INFO: [ app_init ] --END-- [ RunTime:0.000527s ]
INFO: [ app_begin ] --START--
INFO: Run Behavior\ReadHtmlCacheBehavior [ RunTime:0.000655s ]
INFO: [ app_begin ] --END-- [ RunTime:0.000742s ]
NOTIC: [8] Undefined index: r_type_link /opt/tvmlive/livemanage/Application/Admin/Controller/IndexController.class.php 第 340 行.
SQL: SHOW COLUMNS FROM `news_info` [ RunTime:0.0013s ]
SQL: SELECT COUNT(*) AS tp_count FROM `news_info` LIMIT 1   [ RunTime:0.0005s ]
SQL: SELECT * FROM `news_info` ORDER BY news_weight asc,news_time desc,create_time desc LIMIT 0,5   [ RunTime:0.0007s ]

[ 2016-10-31T11:37:09+08:00 ] 101.81.59.140 /livemanage/admin.php?m=Admin&c=Index&a=getnews
INFO: [ app_init ] --START--
INFO: Run Behavior\BuildLiteBehavior [ RunTime:0.000026s ]
INFO: [ app_init ] --END-- [ RunTime:0.000513s ]
INFO: [ app_begin ] --START--
INFO: Run Behavior\ReadHtmlCacheBehavior [ RunTime:0.000642s ]
INFO: [ app_begin ] --END-- [ RunTime:0.000717s ]
NOTIC: [8] Undefined index: r_type_link /opt/tvmlive/livemanage/Application/Admin/Controller/IndexController.class.php 第 340 行.
SQL: SHOW COLUMNS FROM `news_info` [ RunTime:0.0011s ]
SQL: SELECT COUNT(*) AS tp_count FROM `news_info` LIMIT 1   [ RunTime:0.0005s ]
SQL: SELECT * FROM `news_info` ORDER BY news_weight asc,news_time desc,create_time desc LIMIT 0,5   [ RunTime:0.0007s ]

[ 2016-10-31T11:37:11+08:00 ] 101.81.59.140 /livemanage/admin.php?m=Admin&c=Index&a=getcase
INFO: [ app_init ] --START--
INFO: Run Behavior\BuildLiteBehavior [ RunTime:0.000025s ]
INFO: [ app_init ] --END-- [ RunTime:0.000522s ]
INFO: [ app_begin ] --START--
INFO: Run Behavior\ReadHtmlCacheBehavior [ RunTime:0.000652s ]
INFO: [ app_begin ] --END-- [ RunTime:0.000728s ]
NOTIC: [8] Undefined index: r_type_link /opt/tvmlive/livemanage/Application/Admin/Controller/IndexController.class.php 第 99 行.
SQL: SHOW COLUMNS FROM `case_info` [ RunTime:0.0009s ]
SQL: SELECT COUNT(*) AS tp_count FROM `case_info` LIMIT 1   [ RunTime:0.0005s ]
SQL: SELECT * FROM `case_info` ORDER BY case_weight asc, createtime desc LIMIT 0,20   [ RunTime:0.0007s ]

[ 2016-10-31T11:38:08+08:00 ] 101.81.59.140 /livemanage/admin.php?m=Admin&c=Index&a=getcase
INFO: [ app_init ] --START--
INFO: Run Behavior\BuildLiteBehavior [ RunTime:0.000026s ]
INFO: [ app_init ] --END-- [ RunTime:0.000531s ]
INFO: [ app_begin ] --START--
INFO: Run Behavior\ReadHtmlCacheBehavior [ RunTime:0.000664s ]
INFO: [ app_begin ] --END-- [ RunTime:0.000740s ]
NOTIC: [8] Undefined index: r_type_link /opt/tvmlive/livemanage/Application/Admin/Controller/IndexController.class.php 第 99 行.
SQL: SHOW COLUMNS FROM `case_info` [ RunTime:0.0013s ]
SQL: SELECT COUNT(*) AS tp_count FROM `case_info` LIMIT 1   [ RunTime:0.0006s ]
SQL: SELECT * FROM `case_info` ORDER BY case_weight asc, createtime desc LIMIT 0,20   [ RunTime:0.0008s ]

[ 2016-10-31T13:19:30+08:00 ] 175.168.80.2 /livemanage/admin.php?m=Admin&c=Index&a=getnews
INFO: [ app_init ] --START--
INFO: Run Behavior\BuildLiteBehavior [ RunTime:0.000023s ]
INFO: [ app_init ] --END-- [ RunTime:0.000501s ]
INFO: [ app_begin ] --START--
INFO: Run Behavior\ReadHtmlCacheBehavior [ RunTime:0.000651s ]
INFO: [ app_begin ] --END-- [ RunTime:0.000728s ]
NOTIC: [8] Undefined index: r_type_link /opt/tvmlive/livemanage/Application/Admin/Controller/IndexController.class.php 第 340 行.
SQL: SHOW COLUMNS FROM `news_info` [ RunTime:0.0012s ]
SQL: SELECT COUNT(*) AS tp_count FROM `news_info` LIMIT 1   [ RunTime:0.0005s ]
SQL: SELECT * FROM `news_info` ORDER BY news_weight asc,news_time desc,create_time desc LIMIT 0,5   [ RunTime:0.0008s ]

[ 2016-10-31T13:48:41+08:00 ] 101.81.59.140 /livemanage/admin.php?m=Admin&c=Index&a=getcase
INFO: [ app_init ] --START--
INFO: Run Behavior\BuildLiteBehavior [ RunTime:0.000023s ]
INFO: [ app_init ] --END-- [ RunTime:0.000494s ]
INFO: [ app_begin ] --START--
INFO: Run Behavior\ReadHtmlCacheBehavior [ RunTime:0.000639s ]
INFO: [ app_begin ] --END-- [ RunTime:0.000714s ]
NOTIC: [8] Undefined index: r_type_link /opt/tvmlive/livemanage/Application/Admin/Controller/IndexController.class.php 第 99 行.
SQL: SHOW COLUMNS FROM `case_info` [ RunTime:0.0010s ]
SQL: SELECT COUNT(*) AS tp_count FROM `case_info` LIMIT 1   [ RunTime:0.0005s ]
SQL: SELECT * FROM `case_info` ORDER BY case_weight asc, createtime desc LIMIT 0,20   [ RunTime:0.0008s ]

[ 2016-10-31T13:49:24+08:00 ] 101.81.59.140 /livemanage/admin.php?m=Admin&c=Index&a=getnews
INFO: [ app_init ] --START--
INFO: Run Behavior\BuildLiteBehavior [ RunTime:0.000023s ]
INFO: [ app_init ] --END-- [ RunTime:0.000496s ]
INFO: [ app_begin ] --START--
INFO: Run Behavior\ReadHtmlCacheBehavior [ RunTime:0.000663s ]
INFO: [ app_begin ] --END-- [ RunTime:0.000739s ]
NOTIC: [8] Undefined index: r_type_link /opt/tvmlive/livemanage/Application/Admin/Controller/IndexController.class.php 第 340 行.
SQL: SHOW COLUMNS FROM `news_info` [ RunTime:0.0011s ]
SQL: SELECT COUNT(*) AS tp_count FROM `news_info` LIMIT 1   [ RunTime:0.0005s ]
SQL: SELECT * FROM `news_info` ORDER BY news_weight asc,news_time desc,create_time desc LIMIT 0,5   [ RunTime:0.0007s ]

[ 2016-10-31T13:49:31+08:00 ] 101.81.59.140 /livemanage/admin.php?m=Admin&c=Index&a=getNewsById
INFO: [ app_init ] --START--
INFO: Run Behavior\BuildLiteBehavior [ RunTime:0.000025s ]
INFO: [ app_init ] --END-- [ RunTime:0.000526s ]
INFO: [ app_begin ] --START--
INFO: Run Behavior\ReadHtmlCacheBehavior [ RunTime:0.000663s ]
INFO: [ app_begin ] --END-- [ RunTime:0.000739s ]
NOTIC: [8] Undefined index: r_type_link /opt/tvmlive/livemanage/Application/Admin/Controller/IndexController.class.php 第 383 行.
SQL: SHOW COLUMNS FROM `news_info` [ RunTime:0.0013s ]
SQL: select * from news_info where id='22' [ RunTime:0.0006s ]

[ 2016-10-31T13:49:31+08:00 ] 101.81.59.140 /livemanage/admin.php?m=Admin&c=Index&a=getnews
INFO: [ app_init ] --START--
INFO: Run Behavior\BuildLiteBehavior [ RunTime:0.000020s ]
INFO: [ app_init ] --END-- [ RunTime:0.000485s ]
INFO: [ app_begin ] --START--
INFO: Run Behavior\ReadHtmlCacheBehavior [ RunTime:0.000652s ]
INFO: [ app_begin ] --END-- [ RunTime:0.000729s ]
NOTIC: [8] Undefined index: r_type_link /opt/tvmlive/livemanage/Application/Admin/Controller/IndexController.class.php 第 340 行.
NOTIC: [8] Undefined index: page /opt/tvmlive/livemanage/Application/Admin/Controller/IndexController.class.php 第 341 行.
SQL: SHOW COLUMNS FROM `news_info` [ RunTime:0.0011s ]
SQL: SELECT COUNT(*) AS tp_count FROM `news_info` LIMIT 1   [ RunTime:0.0004s ]
SQL: SELECT * FROM `news_info` ORDER BY news_weight asc,news_time desc,create_time desc LIMIT 0,10   [ RunTime:0.0007s ]

[ 2016-10-31T13:49:41+08:00 ] 101.81.59.140 /livemanage/admin.php?m=Admin&c=Index&a=getNewsById
INFO: [ app_init ] --START--
INFO: Run Behavior\BuildLiteBehavior [ RunTime:0.000024s ]
INFO: [ app_init ] --END-- [ RunTime:0.000511s ]
INFO: [ app_begin ] --START--
INFO: Run Behavior\ReadHtmlCacheBehavior [ RunTime:0.000647s ]
INFO: [ app_begin ] --END-- [ RunTime:0.000723s ]
NOTIC: [8] Undefined index: r_type_link /opt/tvmlive/livemanage/Application/Admin/Controller/IndexController.class.php 第 383 行.
SQL: SHOW COLUMNS FROM `news_info` [ RunTime:0.0011s ]
SQL: select * from news_info where id='16' [ RunTime:0.0006s ]

[ 2016-10-31T13:49:41+08:00 ] 101.81.59.140 /livemanage/admin.php?m=Admin&c=Index&a=getnews
INFO: [ app_init ] --START--
INFO: Run Behavior\BuildLiteBehavior [ RunTime:0.000022s ]
INFO: [ app_init ] --END-- [ RunTime:0.000502s ]
INFO: [ app_begin ] --START--
INFO: Run Behavior\ReadHtmlCacheBehavior [ RunTime:0.000663s ]
INFO: [ app_begin ] --END-- [ RunTime:0.000740s ]
NOTIC: [8] Undefined index: r_type_link /opt/tvmlive/livemanage/Application/Admin/Controller/IndexController.class.php 第 340 行.
NOTIC: [8] Undefined index: page /opt/tvmlive/livemanage/Application/Admin/Controller/IndexController.class.php 第 341 行.
SQL: SHOW COLUMNS FROM `news_info` [ RunTime:0.0010s ]
SQL: SELECT COUNT(*) AS tp_count FROM `news_info` LIMIT 1   [ RunTime:0.0005s ]
SQL: SELECT * FROM `news_info` ORDER BY news_weight asc,news_time desc,create_time desc LIMIT 0,10   [ RunTime:0.0007s ]

[ 2016-10-31T13:49:48+08:00 ] 101.81.59.140 /livemanage/admin.php?m=Admin&c=Index&a=getnews
INFO: [ app_init ] --START--
INFO: Run Behavior\BuildLiteBehavior [ RunTime:0.000021s ]
INFO: [ app_init ] --END-- [ RunTime:0.000500s ]
INFO: [ app_begin ] --START--
INFO: Run Behavior\ReadHtmlCacheBehavior [ RunTime:0.000655s ]
INFO: [ app_begin ] --END-- [ RunTime:0.000731s ]
NOTIC: [8] Undefined index: r_type_link /opt/tvmlive/livemanage/Application/Admin/Controller/IndexController.class.php 第 340 行.
NOTIC: [8] Undefined index: page /opt/tvmlive/livemanage/Application/Admin/Controller/IndexController.class.php 第 341 行.
SQL: SHOW COLUMNS FROM `news_info` [ RunTime:0.0010s ]
SQL: SELECT COUNT(*) AS tp_count FROM `news_info` LIMIT 1   [ RunTime:0.0004s ]
SQL: SELECT * FROM `news_info` ORDER BY news_weight asc,news_time desc,create_time desc LIMIT 0,10   [ RunTime:0.0007s ]

[ 2016-10-31T13:49:48+08:00 ] 101.81.59.140 /livemanage/admin.php?m=Admin&c=Index&a=getNewsById
INFO: [ app_init ] --START--
INFO: Run Behavior\BuildLiteBehavior [ RunTime:0.000023s ]
INFO: [ app_init ] --END-- [ RunTime:0.000507s ]
INFO: [ app_begin ] --START--
INFO: Run Behavior\ReadHtmlCacheBehavior [ RunTime:0.000651s ]
INFO: [ app_begin ] --END-- [ RunTime:0.000727s ]
NOTIC: [8] Undefined index: r_type_link /opt/tvmlive/livemanage/Application/Admin/Controller/IndexController.class.php 第 383 行.
SQL: SHOW COLUMNS FROM `news_info` [ RunTime:0.0010s ]
SQL: select * from news_info where id='13' [ RunTime:0.0006s ]

[ 2016-10-31T16:18:24+08:00 ] 124.205.90.66 /livemanage/admin.php?m=Admin&c=Index&a=addapplyuser
INFO: [ app_init ] --START--
INFO: Run Behavior\BuildLiteBehavior [ RunTime:0.000025s ]
INFO: [ app_init ] --END-- [ RunTime:0.000510s ]
INFO: [ app_begin ] --START--
INFO: Run Behavior\ReadHtmlCacheBehavior [ RunTime:0.000647s ]
INFO: [ app_begin ] --END-- [ RunTime:0.000730s ]
ERR: 非法操作:addapplyuser

