[ 2016-10-26T10:42:40+08:00 ] ::1 /livemanage/admin.php
INFO: [ app_init ] --START--
INFO: Run Behavior\BuildLiteBehavior [ RunTime:0.000000s ]
INFO: [ app_init ] --END-- [ RunTime:0.001000s ]
INFO: [ app_begin ] --START--
INFO: Run Behavior\ReadHtmlCacheBehavior [ RunTime:0.001000s ]
INFO: [ app_begin ] --END-- [ RunTime:0.001000s ]
INFO: [ view_parse ] --START--
INFO: [ template_filter ] --START--
INFO: Run Behavior\ContentReplaceBehavior [ RunTime:0.000000s ]
INFO: [ template_filter ] --END-- [ RunTime:0.001000s ]
INFO: Run Behavior\ParseTemplateBehavior [ RunTime:0.009000s ]
INFO: [ view_parse ] --END-- [ RunTime:0.009000s ]
INFO: [ view_filter ] --START--
INFO: Run Behavior\WriteHtmlCacheBehavior [ RunTime:0.001000s ]
INFO: [ view_filter ] --END-- [ RunTime:0.001000s ]
INFO: [ app_end ] --START--
INFO: Run Behavior\ShowPageTraceBehavior [ RunTime:0.001000s ]
INFO: [ app_end ] --END-- [ RunTime:0.001000s ]

[ 2016-10-26T10:42:48+08:00 ] ::1 /livemanage/admin.php/admin_login
INFO: [ app_init ] --START--
INFO: Run Behavior\BuildLiteBehavior [ RunTime:0.000000s ]
INFO: [ app_init ] --END-- [ RunTime:0.001000s ]
INFO: [ app_begin ] --START--
INFO: Run Behavior\ReadHtmlCacheBehavior [ RunTime:0.002000s ]
INFO: [ app_begin ] --END-- [ RunTime:0.002000s ]

[ 2016-10-26T10:42:48+08:00 ] ::1 /livemanage/admin.php/admin
INFO: [ app_init ] --START--
INFO: Run Behavior\BuildLiteBehavior [ RunTime:0.000000s ]
INFO: [ app_init ] --END-- [ RunTime:0.000000s ]
INFO: [ app_begin ] --START--
INFO: Run Behavior\ReadHtmlCacheBehavior [ RunTime:0.001000s ]
INFO: [ app_begin ] --END-- [ RunTime:0.002000s ]
INFO: [ view_parse ] --START--
INFO: [ template_filter ] --START--
INFO: Run Behavior\ContentReplaceBehavior [ RunTime:0.000000s ]
INFO: [ template_filter ] --END-- [ RunTime:0.000000s ]
INFO: Run Behavior\ParseTemplateBehavior [ RunTime:0.013001s ]
INFO: [ view_parse ] --END-- [ RunTime:0.013001s ]
INFO: [ view_filter ] --START--
INFO: Run Behavior\WriteHtmlCacheBehavior [ RunTime:0.000000s ]
INFO: [ view_filter ] --END-- [ RunTime:0.001000s ]
INFO: [ app_end ] --START--
INFO: Run Behavior\ShowPageTraceBehavior [ RunTime:0.002000s ]
INFO: [ app_end ] --END-- [ RunTime:0.002000s ]

[ 2016-10-26T10:42:48+08:00 ] ::1 /livemanage/admin.php/getcase
INFO: [ app_init ] --START--
INFO: Run Behavior\BuildLiteBehavior [ RunTime:0.001000s ]
INFO: [ app_init ] --END-- [ RunTime:0.002000s ]
INFO: [ app_begin ] --START--
INFO: Run Behavior\ReadHtmlCacheBehavior [ RunTime:0.001000s ]
INFO: [ app_begin ] --END-- [ RunTime:0.001000s ]
SQL: SHOW COLUMNS FROM `case_info` [ RunTime:0.0460s ]
SQL: SELECT COUNT(*) AS tp_count FROM `case_info` LIMIT 1   [ RunTime:0.0000s ]
SQL: SELECT * FROM `case_info` ORDER BY case_weight asc, createtime desc LIMIT 0,10   [ RunTime:0.0010s ]

[ 2016-10-26T10:42:51+08:00 ] ::1 /livemanage/admin.php//caseinsert.html
INFO: [ app_init ] --START--
INFO: Run Behavior\BuildLiteBehavior [ RunTime:0.000000s ]
INFO: [ app_init ] --END-- [ RunTime:0.001000s ]
INFO: [ app_begin ] --START--
INFO: Run Behavior\ReadHtmlCacheBehavior [ RunTime:0.001001s ]
INFO: [ app_begin ] --END-- [ RunTime:0.001001s ]
INFO: [ view_parse ] --START--
INFO: [ template_filter ] --START--
INFO: Run Behavior\ContentReplaceBehavior [ RunTime:0.000000s ]
INFO: [ template_filter ] --END-- [ RunTime:0.001000s ]
INFO: Run Behavior\ParseTemplateBehavior [ RunTime:0.010000s ]
INFO: [ view_parse ] --END-- [ RunTime:0.010000s ]
INFO: [ view_filter ] --START--
INFO: Run Behavior\WriteHtmlCacheBehavior [ RunTime:0.001000s ]
INFO: [ view_filter ] --END-- [ RunTime:0.001000s ]
INFO: [ app_end ] --START--
INFO: Run Behavior\ShowPageTraceBehavior [ RunTime:0.000000s ]
INFO: [ app_end ] --END-- [ RunTime:0.001001s ]

[ 2016-10-26T10:43:12+08:00 ] ::1 /livemanage/admin.php/addcase
INFO: [ app_init ] --START--
INFO: Run Behavior\BuildLiteBehavior [ RunTime:0.000000s ]
INFO: [ app_init ] --END-- [ RunTime:0.001000s ]
INFO: [ app_begin ] --START--
INFO: Run Behavior\ReadHtmlCacheBehavior [ RunTime:0.001000s ]
INFO: [ app_begin ] --END-- [ RunTime:0.001000s ]
NOTIC: [2] call_user_func() expects parameter 1 to be a valid callback, no array or string given D:\WORK\Git\Php\workspace\livemanage\ThinkPHP\Library\Think\Upload.class.php 第 170 行.
NOTIC: [2] call_user_func() expects parameter 1 to be a valid callback, no array or string given D:\WORK\Git\Php\workspace\livemanage\ThinkPHP\Library\Think\Upload.class.php 第 170 行.
SQL: SHOW COLUMNS FROM `case_info` [ RunTime:0.0030s ]
SQL: INSERT INTO `case_info` (`case_guid`,`case_thumbinal`,`case_qrcode`,`case_title`,`case_weight`) VALUES ('581018400f729','./Public/Uploads/Case/581018400f729/5810184011282.png','./Public/Uploads/Case/581018400f729/5810184011a52.png','！@#￥%……&*（（）：“}{{}》》”；‘，’','0') [ RunTime:0.0020s ]

[ 2016-10-26T10:43:19+08:00 ] ::1 /livemanage/admin.php/getcase
INFO: [ app_init ] --START--
INFO: Run Behavior\BuildLiteBehavior [ RunTime:0.000000s ]
INFO: [ app_init ] --END-- [ RunTime:0.001000s ]
INFO: [ app_begin ] --START--
INFO: Run Behavior\ReadHtmlCacheBehavior [ RunTime:0.001000s ]
INFO: [ app_begin ] --END-- [ RunTime:0.001000s ]
SQL: SHOW COLUMNS FROM `case_info` [ RunTime:0.0000s ]
SQL: SELECT COUNT(*) AS tp_count FROM `case_info` LIMIT 1   [ RunTime:0.0000s ]
SQL: SELECT * FROM `case_info` ORDER BY case_weight asc, createtime desc LIMIT 0,10   [ RunTime:0.0000s ]

[ 2016-10-26T10:43:20+08:00 ] ::1 /livemanage/admin.php//caseupdate.html
INFO: [ app_init ] --START--
INFO: Run Behavior\BuildLiteBehavior [ RunTime:0.000000s ]
INFO: [ app_init ] --END-- [ RunTime:0.001000s ]
INFO: [ app_begin ] --START--
INFO: Run Behavior\ReadHtmlCacheBehavior [ RunTime:0.000000s ]
INFO: [ app_begin ] --END-- [ RunTime:0.001000s ]
INFO: [ view_parse ] --START--
INFO: [ template_filter ] --START--
INFO: Run Behavior\ContentReplaceBehavior [ RunTime:0.001000s ]
INFO: [ template_filter ] --END-- [ RunTime:0.001000s ]
INFO: Run Behavior\ParseTemplateBehavior [ RunTime:0.013001s ]
INFO: [ view_parse ] --END-- [ RunTime:0.013001s ]
INFO: [ view_filter ] --START--
INFO: Run Behavior\WriteHtmlCacheBehavior [ RunTime:0.001000s ]
INFO: [ view_filter ] --END-- [ RunTime:0.001000s ]
INFO: [ app_end ] --START--
INFO: Run Behavior\ShowPageTraceBehavior [ RunTime:0.001000s ]
INFO: [ app_end ] --END-- [ RunTime:0.001000s ]

[ 2016-10-26T10:43:20+08:00 ] ::1 /livemanage/admin.php/getcaseById
INFO: [ app_init ] --START--
INFO: Run Behavior\BuildLiteBehavior [ RunTime:0.000000s ]
INFO: [ app_init ] --END-- [ RunTime:0.001000s ]
INFO: [ app_begin ] --START--
INFO: Run Behavior\ReadHtmlCacheBehavior [ RunTime:0.000000s ]
INFO: [ app_begin ] --END-- [ RunTime:0.002000s ]
NOTIC: [8] Undefined index: r_type_link D:\WORK\Git\Php\workspace\livemanage\Application\Admin\Controller\IndexController.class.php 第 143 行.
SQL: SHOW COLUMNS FROM `case_info` [ RunTime:0.0030s ]
SQL: select * from case_info where id='13' [ RunTime:0.0010s ]

[ 2016-10-26T10:43:25+08:00 ] ::1 /livemanage/admin.php/updatecase
INFO: [ app_init ] --START--
INFO: Run Behavior\BuildLiteBehavior [ RunTime:0.000000s ]
INFO: [ app_init ] --END-- [ RunTime:0.001000s ]
INFO: [ app_begin ] --START--
INFO: Run Behavior\ReadHtmlCacheBehavior [ RunTime:0.001000s ]
INFO: [ app_begin ] --END-- [ RunTime:0.002000s ]
SQL: SHOW COLUMNS FROM `case_info` [ RunTime:0.0040s ]
NOTIC: [8] Undefined index: case_thumbinal D:\WORK\Git\Php\workspace\livemanage\Application\Admin\Controller\IndexController.class.php 第 221 行.
NOTIC: [8] Undefined index: case_qrcode D:\WORK\Git\Php\workspace\livemanage\Application\Admin\Controller\IndexController.class.php 第 224 行.
SQL: update case_info set id=13,case_title='！@#￥%……&*（（）：“}{{}》》”；‘，’！@#￥%……&*（（）：“}{{}》》”；‘，’',case_weight='0' where id=13 [ RunTime:0.0010s ]

[ 2016-10-26T10:43:25+08:00 ] ::1 /livemanage/admin.php/getcase
INFO: [ app_init ] --START--
INFO: Run Behavior\BuildLiteBehavior [ RunTime:0.000000s ]
INFO: [ app_init ] --END-- [ RunTime:0.001000s ]
INFO: [ app_begin ] --START--
INFO: Run Behavior\ReadHtmlCacheBehavior [ RunTime:0.000000s ]
INFO: [ app_begin ] --END-- [ RunTime:0.001000s ]
SQL: SHOW COLUMNS FROM `case_info` [ RunTime:0.0030s ]
SQL: SELECT COUNT(*) AS tp_count FROM `case_info` LIMIT 1   [ RunTime:0.0000s ]
SQL: SELECT * FROM `case_info` ORDER BY case_weight asc, createtime desc LIMIT 0,10   [ RunTime:0.0000s ]

[ 2016-10-26T10:43:30+08:00 ] ::1 /livemanage/admin.php/updatecase
INFO: [ app_init ] --START--
INFO: Run Behavior\BuildLiteBehavior [ RunTime:0.000000s ]
INFO: [ app_init ] --END-- [ RunTime:0.001000s ]
INFO: [ app_begin ] --START--
INFO: Run Behavior\ReadHtmlCacheBehavior [ RunTime:0.000000s ]
INFO: [ app_begin ] --END-- [ RunTime:0.001000s ]
SQL: SHOW COLUMNS FROM `case_info` [ RunTime:0.0030s ]
NOTIC: [8] Undefined index: case_thumbinal D:\WORK\Git\Php\workspace\livemanage\Application\Admin\Controller\IndexController.class.php 第 221 行.
NOTIC: [8] Undefined index: case_qrcode D:\WORK\Git\Php\workspace\livemanage\Application\Admin\Controller\IndexController.class.php 第 224 行.
SQL: update case_info set id=13,case_title='！@#￥%……&*（（）：“}{{}》》”；‘，’！@#￥%……&*（（）：“}{{}》》”；‘，’',case_weight='0' where id=13 [ RunTime:0.0010s ]

[ 2016-10-26T10:43:30+08:00 ] ::1 /livemanage/admin.php/getcase
INFO: [ app_init ] --START--
INFO: Run Behavior\BuildLiteBehavior [ RunTime:0.000000s ]
INFO: [ app_init ] --END-- [ RunTime:0.001000s ]
INFO: [ app_begin ] --START--
INFO: Run Behavior\ReadHtmlCacheBehavior [ RunTime:0.000000s ]
INFO: [ app_begin ] --END-- [ RunTime:0.001000s ]
SQL: SHOW COLUMNS FROM `case_info` [ RunTime:0.0040s ]
SQL: SELECT COUNT(*) AS tp_count FROM `case_info` LIMIT 1   [ RunTime:0.0010s ]
SQL: SELECT * FROM `case_info` ORDER BY case_weight asc, createtime desc LIMIT 0,10   [ RunTime:0.0000s ]

[ 2016-10-26T10:49:01+08:00 ] ::1 /livemanage/admin.php
INFO: [ app_init ] --START--
INFO: Run Behavior\BuildLiteBehavior [ RunTime:0.000000s ]
INFO: [ app_init ] --END-- [ RunTime:0.001000s ]
INFO: [ app_begin ] --START--
INFO: Run Behavior\ReadHtmlCacheBehavior [ RunTime:0.000000s ]
INFO: [ app_begin ] --END-- [ RunTime:0.001000s ]
INFO: [ view_parse ] --START--
INFO: [ template_filter ] --START--
INFO: Run Behavior\ContentReplaceBehavior [ RunTime:0.000000s ]
INFO: [ template_filter ] --END-- [ RunTime:0.000000s ]
INFO: Run Behavior\ParseTemplateBehavior [ RunTime:0.008001s ]
INFO: [ view_parse ] --END-- [ RunTime:0.009001s ]
INFO: [ view_filter ] --START--
INFO: Run Behavior\WriteHtmlCacheBehavior [ RunTime:0.000000s ]
INFO: [ view_filter ] --END-- [ RunTime:0.001000s ]
INFO: [ app_end ] --START--
INFO: Run Behavior\ShowPageTraceBehavior [ RunTime:0.001000s ]
INFO: [ app_end ] --END-- [ RunTime:0.001000s ]

[ 2016-10-26T10:49:06+08:00 ] ::1 /livemanage/admin.php/admin_login
INFO: [ app_init ] --START--
INFO: Run Behavior\BuildLiteBehavior [ RunTime:0.000000s ]
INFO: [ app_init ] --END-- [ RunTime:0.000000s ]
INFO: [ app_begin ] --START--
INFO: Run Behavior\ReadHtmlCacheBehavior [ RunTime:0.000000s ]
INFO: [ app_begin ] --END-- [ RunTime:0.000000s ]

[ 2016-10-26T10:49:06+08:00 ] ::1 /livemanage/admin.php/admin
INFO: [ app_init ] --START--
INFO: Run Behavior\BuildLiteBehavior [ RunTime:0.000000s ]
INFO: [ app_init ] --END-- [ RunTime:0.001000s ]
INFO: [ app_begin ] --START--
INFO: Run Behavior\ReadHtmlCacheBehavior [ RunTime:0.001000s ]
INFO: [ app_begin ] --END-- [ RunTime:0.001000s ]
INFO: [ view_parse ] --START--
INFO: [ template_filter ] --START--
INFO: Run Behavior\ContentReplaceBehavior [ RunTime:0.001000s ]
INFO: [ template_filter ] --END-- [ RunTime:0.001000s ]
INFO: Run Behavior\ParseTemplateBehavior [ RunTime:0.009001s ]
INFO: [ view_parse ] --END-- [ RunTime:0.009001s ]
INFO: [ view_filter ] --START--
INFO: Run Behavior\WriteHtmlCacheBehavior [ RunTime:0.000000s ]
INFO: [ view_filter ] --END-- [ RunTime:0.001000s ]
INFO: [ app_end ] --START--
INFO: Run Behavior\ShowPageTraceBehavior [ RunTime:0.001000s ]
INFO: [ app_end ] --END-- [ RunTime:0.001000s ]

[ 2016-10-26T10:49:06+08:00 ] ::1 /livemanage/admin.php/getcase
INFO: [ app_init ] --START--
INFO: Run Behavior\BuildLiteBehavior [ RunTime:0.000000s ]
INFO: [ app_init ] --END-- [ RunTime:0.002000s ]
INFO: [ app_begin ] --START--
INFO: Run Behavior\ReadHtmlCacheBehavior [ RunTime:0.001000s ]
INFO: [ app_begin ] --END-- [ RunTime:0.001000s ]
SQL: SHOW COLUMNS FROM `case_info` [ RunTime:0.0040s ]
SQL: SELECT COUNT(*) AS tp_count FROM `case_info` LIMIT 1   [ RunTime:0.0000s ]
SQL: SELECT * FROM `case_info` ORDER BY case_weight asc, createtime desc LIMIT 0,10   [ RunTime:0.0010s ]

[ 2016-10-26T10:49:44+08:00 ] ::1 /livemanage/admin.php//caseupdate.html
INFO: [ app_init ] --START--
INFO: Run Behavior\BuildLiteBehavior [ RunTime:0.000000s ]
INFO: [ app_init ] --END-- [ RunTime:0.002000s ]
INFO: [ app_begin ] --START--
INFO: Run Behavior\ReadHtmlCacheBehavior [ RunTime:0.002000s ]
INFO: [ app_begin ] --END-- [ RunTime:0.002000s ]
INFO: [ view_parse ] --START--
INFO: [ template_filter ] --START--
INFO: Run Behavior\ContentReplaceBehavior [ RunTime:0.001000s ]
INFO: [ template_filter ] --END-- [ RunTime:0.001000s ]
INFO: Run Behavior\ParseTemplateBehavior [ RunTime:0.009001s ]
INFO: [ view_parse ] --END-- [ RunTime:0.009001s ]
INFO: [ view_filter ] --START--
INFO: Run Behavior\WriteHtmlCacheBehavior [ RunTime:0.001000s ]
INFO: [ view_filter ] --END-- [ RunTime:0.001000s ]
INFO: [ app_end ] --START--
INFO: Run Behavior\ShowPageTraceBehavior [ RunTime:0.001000s ]
INFO: [ app_end ] --END-- [ RunTime:0.001000s ]

[ 2016-10-26T10:49:44+08:00 ] ::1 /livemanage/admin.php/getcaseById
INFO: [ app_init ] --START--
INFO: Run Behavior\BuildLiteBehavior [ RunTime:0.000000s ]
INFO: [ app_init ] --END-- [ RunTime:0.000000s ]
INFO: [ app_begin ] --START--
INFO: Run Behavior\ReadHtmlCacheBehavior [ RunTime:0.001000s ]
INFO: [ app_begin ] --END-- [ RunTime:0.001000s ]
NOTIC: [8] Undefined index: r_type_link D:\WORK\Git\Php\workspace\livemanage\Application\Admin\Controller\IndexController.class.php 第 143 行.
SQL: SHOW COLUMNS FROM `case_info` [ RunTime:0.0040s ]
SQL: select * from case_info where id='13' [ RunTime:0.0000s ]

[ 2016-10-26T10:49:48+08:00 ] ::1 /livemanage/admin.php/updatecase
INFO: [ app_init ] --START--
INFO: Run Behavior\BuildLiteBehavior [ RunTime:0.000000s ]
INFO: [ app_init ] --END-- [ RunTime:0.001000s ]
INFO: [ app_begin ] --START--
INFO: Run Behavior\ReadHtmlCacheBehavior [ RunTime:0.001000s ]
INFO: [ app_begin ] --END-- [ RunTime:0.001000s ]
SQL: SHOW COLUMNS FROM `case_info` [ RunTime:0.0040s ]
NOTIC: [8] Undefined index: case_thumbinal D:\WORK\Git\Php\workspace\livemanage\Application\Admin\Controller\IndexController.class.php 第 221 行.
NOTIC: [8] Undefined index: case_qrcode D:\WORK\Git\Php\workspace\livemanage\Application\Admin\Controller\IndexController.class.php 第 224 行.
ERR: 1064:Erreur de syntaxe près de '[]',case_weight='0' where id=13' à la ligne 1
 [ SQL语句 ] : update case_info set id=13,case_title='!@#$%^&()_+,./;'[]',case_weight='0' where id=13
ERR: 1064:Erreur de syntaxe près de '[]',case_weight='0' where id=13' à la ligne 1
 [ SQL语句 ] : update case_info set id=13,case_title='!@#$%^&()_+,./;'[]',case_weight='0' where id=13

[ 2016-10-26T10:54:45+08:00 ] ::1 /livemanage/admin.php//caseinsert.html
INFO: [ app_init ] --START--
INFO: Run Behavior\BuildLiteBehavior [ RunTime:0.001000s ]
INFO: [ app_init ] --END-- [ RunTime:0.001000s ]
INFO: [ app_begin ] --START--
INFO: Run Behavior\ReadHtmlCacheBehavior [ RunTime:0.001000s ]
INFO: [ app_begin ] --END-- [ RunTime:0.001000s ]
INFO: [ view_parse ] --START--
INFO: [ template_filter ] --START--
INFO: Run Behavior\ContentReplaceBehavior [ RunTime:0.000000s ]
INFO: [ template_filter ] --END-- [ RunTime:0.000000s ]
INFO: Run Behavior\ParseTemplateBehavior [ RunTime:0.008000s ]
INFO: [ view_parse ] --END-- [ RunTime:0.009000s ]
INFO: [ view_filter ] --START--
INFO: Run Behavior\WriteHtmlCacheBehavior [ RunTime:0.000000s ]
INFO: [ view_filter ] --END-- [ RunTime:0.000000s ]
INFO: [ app_end ] --START--
INFO: Run Behavior\ShowPageTraceBehavior [ RunTime:0.001001s ]
INFO: [ app_end ] --END-- [ RunTime:0.001001s ]

[ 2016-10-26T10:54:57+08:00 ] ::1 /livemanage/admin.php/addcase
INFO: [ app_init ] --START--
INFO: Run Behavior\BuildLiteBehavior [ RunTime:0.000000s ]
INFO: [ app_init ] --END-- [ RunTime:0.001000s ]
INFO: [ app_begin ] --START--
INFO: Run Behavior\ReadHtmlCacheBehavior [ RunTime:0.001000s ]
INFO: [ app_begin ] --END-- [ RunTime:0.001000s ]
NOTIC: [2] call_user_func() expects parameter 1 to be a valid callback, no array or string given D:\WORK\Git\Php\workspace\livemanage\ThinkPHP\Library\Think\Upload.class.php 第 170 行.
NOTIC: [2] call_user_func() expects parameter 1 to be a valid callback, no array or string given D:\WORK\Git\Php\workspace\livemanage\ThinkPHP\Library\Think\Upload.class.php 第 170 行.
SQL: SHOW COLUMNS FROM `case_info` [ RunTime:0.0030s ]
SQL: INSERT INTO `case_info` (`case_guid`,`case_thumbinal`,`case_qrcode`,`case_title`,`case_weight`) VALUES ('58101b0106e51','./Public/Uploads/Case/58101b0106e51/58101b01089a9.png','./Public/Uploads/Case/58101b0106e51/58101b010917a.png','!@#$%^&()_+,./;\'[]','0') [ RunTime:0.0010s ]

[ 2016-10-26T10:59:31+08:00 ] ::1 /livemanage/admin.php/getcase
INFO: [ app_init ] --START--
INFO: Run Behavior\BuildLiteBehavior [ RunTime:0.000000s ]
INFO: [ app_init ] --END-- [ RunTime:0.001000s ]
INFO: [ app_begin ] --START--
INFO: Run Behavior\ReadHtmlCacheBehavior [ RunTime:0.001000s ]
INFO: [ app_begin ] --END-- [ RunTime:0.001000s ]
SQL: SHOW COLUMNS FROM `case_info` [ RunTime:0.0000s ]
SQL: SELECT COUNT(*) AS tp_count FROM `case_info` LIMIT 1   [ RunTime:0.0000s ]
SQL: SELECT * FROM `case_info` ORDER BY case_weight asc, createtime desc LIMIT 0,10   [ RunTime:0.0000s ]

[ 2016-10-26T10:59:33+08:00 ] ::1 /livemanage/admin.php//caseupdate.html
INFO: [ app_init ] --START--
INFO: Run Behavior\BuildLiteBehavior [ RunTime:0.000000s ]
INFO: [ app_init ] --END-- [ RunTime:0.001001s ]
INFO: [ app_begin ] --START--
INFO: Run Behavior\ReadHtmlCacheBehavior [ RunTime:0.001000s ]
INFO: [ app_begin ] --END-- [ RunTime:0.003000s ]
INFO: [ view_parse ] --START--
INFO: [ template_filter ] --START--
INFO: Run Behavior\ContentReplaceBehavior [ RunTime:0.001000s ]
INFO: [ template_filter ] --END-- [ RunTime:0.001000s ]
INFO: Run Behavior\ParseTemplateBehavior [ RunTime:0.012001s ]
INFO: [ view_parse ] --END-- [ RunTime:0.012001s ]
INFO: [ view_filter ] --START--
INFO: Run Behavior\WriteHtmlCacheBehavior [ RunTime:0.001000s ]
INFO: [ view_filter ] --END-- [ RunTime:0.001000s ]
INFO: [ app_end ] --START--
INFO: Run Behavior\ShowPageTraceBehavior [ RunTime:0.000000s ]
INFO: [ app_end ] --END-- [ RunTime:0.002000s ]

[ 2016-10-26T10:59:33+08:00 ] ::1 /livemanage/admin.php/getcaseById
INFO: [ app_init ] --START--
INFO: Run Behavior\BuildLiteBehavior [ RunTime:0.000000s ]
INFO: [ app_init ] --END-- [ RunTime:0.001000s ]
INFO: [ app_begin ] --START--
INFO: Run Behavior\ReadHtmlCacheBehavior [ RunTime:0.001000s ]
INFO: [ app_begin ] --END-- [ RunTime:0.001000s ]
NOTIC: [8] Undefined index: r_type_link D:\WORK\Git\Php\workspace\livemanage\Application\Admin\Controller\IndexController.class.php 第 143 行.
SQL: SHOW COLUMNS FROM `case_info` [ RunTime:0.0440s ]
SQL: select * from case_info where id='14' [ RunTime:0.0010s ]

[ 2016-10-26T10:59:36+08:00 ] ::1 /livemanage/admin.php/updatecase
INFO: [ app_init ] --START--
INFO: Run Behavior\BuildLiteBehavior [ RunTime:0.000000s ]
INFO: [ app_init ] --END-- [ RunTime:0.001000s ]
INFO: [ app_begin ] --START--
INFO: Run Behavior\ReadHtmlCacheBehavior [ RunTime:0.001000s ]
INFO: [ app_begin ] --END-- [ RunTime:0.001000s ]
SQL: SHOW COLUMNS FROM `case_info` [ RunTime:0.0030s ]
NOTIC: [8] Undefined index: case_thumbinal D:\WORK\Git\Php\workspace\livemanage\Application\Admin\Controller\IndexController.class.php 第 221 行.
NOTIC: [8] Undefined index: case_qrcode D:\WORK\Git\Php\workspace\livemanage\Application\Admin\Controller\IndexController.class.php 第 224 行.
ERR: 1064:Erreur de syntaxe près de '[]',case_weight='0' where id=14' à la ligne 1
 [ SQL语句 ] : update case_info set id=14,case_title='!@#$%^&()_+,./;'[]',case_weight='0' where id=14
ERR: 1064:Erreur de syntaxe près de '[]',case_weight='0' where id=14' à la ligne 1
 [ SQL语句 ] : update case_info set id=14,case_title='!@#$%^&()_+,./;'[]',case_weight='0' where id=14

[ 2016-10-26T11:01:53+08:00 ] ::1 /livemanage/admin.php//caseinsert.html
INFO: [ app_init ] --START--
INFO: Run Behavior\BuildLiteBehavior [ RunTime:0.000000s ]
INFO: [ app_init ] --END-- [ RunTime:0.001000s ]
INFO: [ app_begin ] --START--
INFO: Run Behavior\ReadHtmlCacheBehavior [ RunTime:0.002000s ]
INFO: [ app_begin ] --END-- [ RunTime:0.003001s ]
INFO: [ view_parse ] --START--
INFO: [ template_filter ] --START--
INFO: Run Behavior\ContentReplaceBehavior [ RunTime:0.001000s ]
INFO: [ template_filter ] --END-- [ RunTime:0.001000s ]
INFO: Run Behavior\ParseTemplateBehavior [ RunTime:0.015001s ]
INFO: [ view_parse ] --END-- [ RunTime:0.016001s ]
INFO: [ view_filter ] --START--
INFO: Run Behavior\WriteHtmlCacheBehavior [ RunTime:0.001000s ]
INFO: [ view_filter ] --END-- [ RunTime:0.002000s ]
INFO: [ app_end ] --START--
INFO: Run Behavior\ShowPageTraceBehavior [ RunTime:0.001000s ]
INFO: [ app_end ] --END-- [ RunTime:0.003000s ]

[ 2016-10-26T11:07:50+08:00 ] ::1 /livemanage/admin.php/addcase
INFO: [ app_init ] --START--
INFO: Run Behavior\BuildLiteBehavior [ RunTime:0.000000s ]
INFO: [ app_init ] --END-- [ RunTime:0.002001s ]
INFO: [ app_begin ] --START--
INFO: Run Behavior\ReadHtmlCacheBehavior [ RunTime:0.001000s ]
INFO: [ app_begin ] --END-- [ RunTime:0.001000s ]
NOTIC: [2] call_user_func() expects parameter 1 to be a valid callback, no array or string given D:\WORK\Git\Php\workspace\livemanage\ThinkPHP\Library\Think\Upload.class.php 第 170 行.
NOTIC: [2] call_user_func() expects parameter 1 to be a valid callback, no array or string given D:\WORK\Git\Php\workspace\livemanage\ThinkPHP\Library\Think\Upload.class.php 第 170 行.
SQL: SHOW COLUMNS FROM `case_info` [ RunTime:0.0060s ]
SQL: INSERT INTO `case_info` (`case_guid`,`case_thumbinal`,`case_qrcode`,`case_title`,`case_weight`) VALUES ('58101cbdd3765','./Public/Uploads/Case/58101cbdd3765/58101ccfa7858.jpg','./Public/Uploads/Case/58101cbdd3765/58101ccfa9f69.jpg','!@#$%^&()_+,./;\'[]','0') [ RunTime:0.0020s ]

[ 2016-10-26T11:07:56+08:00 ] ::1 /livemanage/admin.php/getcase
INFO: [ app_init ] --START--
INFO: Run Behavior\BuildLiteBehavior [ RunTime:0.000000s ]
INFO: [ app_init ] --END-- [ RunTime:0.000000s ]
INFO: [ app_begin ] --START--
INFO: Run Behavior\ReadHtmlCacheBehavior [ RunTime:0.000000s ]
INFO: [ app_begin ] --END-- [ RunTime:0.000000s ]
SQL: SHOW COLUMNS FROM `case_info` [ RunTime:0.0000s ]
SQL: SELECT COUNT(*) AS tp_count FROM `case_info` LIMIT 1   [ RunTime:0.0000s ]
SQL: SELECT * FROM `case_info` ORDER BY case_weight asc, createtime desc LIMIT 0,10   [ RunTime:0.0000s ]

[ 2016-10-26T11:08:01+08:00 ] ::1 /livemanage/admin.php//caseupdate.html
INFO: [ app_init ] --START--
INFO: Run Behavior\BuildLiteBehavior [ RunTime:0.000000s ]
INFO: [ app_init ] --END-- [ RunTime:0.000000s ]
INFO: [ app_begin ] --START--
INFO: Run Behavior\ReadHtmlCacheBehavior [ RunTime:0.000000s ]
INFO: [ app_begin ] --END-- [ RunTime:0.000000s ]
INFO: [ view_parse ] --START--
INFO: [ template_filter ] --START--
INFO: Run Behavior\ContentReplaceBehavior [ RunTime:0.000000s ]
INFO: [ template_filter ] --END-- [ RunTime:0.000000s ]
INFO: Run Behavior\ParseTemplateBehavior [ RunTime:0.031200s ]
INFO: [ view_parse ] --END-- [ RunTime:0.031200s ]
INFO: [ view_filter ] --START--
INFO: Run Behavior\WriteHtmlCacheBehavior [ RunTime:0.000000s ]
INFO: [ view_filter ] --END-- [ RunTime:0.000000s ]
INFO: [ app_end ] --START--
INFO: Run Behavior\ShowPageTraceBehavior [ RunTime:0.000000s ]
INFO: [ app_end ] --END-- [ RunTime:0.000000s ]

[ 2016-10-26T11:08:02+08:00 ] ::1 /livemanage/admin.php/getcaseById
INFO: [ app_init ] --START--
INFO: Run Behavior\BuildLiteBehavior [ RunTime:0.000000s ]
INFO: [ app_init ] --END-- [ RunTime:0.000000s ]
INFO: [ app_begin ] --START--
INFO: Run Behavior\ReadHtmlCacheBehavior [ RunTime:0.000000s ]
INFO: [ app_begin ] --END-- [ RunTime:0.000000s ]
NOTIC: [8] Undefined index: r_type_link D:\WORK\Git\Php\workspace\livemanage\Application\Admin\Controller\IndexController.class.php 第 143 行.
SQL: SHOW COLUMNS FROM `case_info` [ RunTime:0.0000s ]
SQL: select * from case_info where id='15' [ RunTime:0.0000s ]

[ 2016-10-26T11:09:43+08:00 ] ::1 /livemanage/admin.php/updatecase
INFO: [ app_init ] --START--
INFO: Run Behavior\BuildLiteBehavior [ RunTime:0.000000s ]
INFO: [ app_init ] --END-- [ RunTime:0.002000s ]
INFO: [ app_begin ] --START--
INFO: Run Behavior\ReadHtmlCacheBehavior [ RunTime:0.001000s ]
INFO: [ app_begin ] --END-- [ RunTime:0.001000s ]
SQL: SHOW COLUMNS FROM `case_info` [ RunTime:0.0040s ]
NOTIC: [8] Undefined index: case_thumbinal D:\WORK\Git\Php\workspace\livemanage\Application\Admin\Controller\IndexController.class.php 第 221 行.
NOTIC: [8] Undefined index: case_qrcode D:\WORK\Git\Php\workspace\livemanage\Application\Admin\Controller\IndexController.class.php 第 224 行.
ERR: 1064:Erreur de syntaxe près de '[]',case_weight='0' where id=15' à la ligne 1
 [ SQL语句 ] : update case_info set id=15,case_title='!@#$%^&()_+,./;'[]',case_weight='0' where id=15
ERR: 1064:Erreur de syntaxe près de '[]',case_weight='0' where id=15' à la ligne 1
 [ SQL语句 ] : update case_info set id=15,case_title='!@#$%^&()_+,./;'[]',case_weight='0' where id=15

[ 2016-10-26T11:09:51+08:00 ] ::1 /livemanage/admin.php//caseinsert.html
INFO: [ app_init ] --START--
INFO: Run Behavior\BuildLiteBehavior [ RunTime:0.000000s ]
INFO: [ app_init ] --END-- [ RunTime:0.000000s ]
INFO: [ app_begin ] --START--
INFO: Run Behavior\ReadHtmlCacheBehavior [ RunTime:0.000000s ]
INFO: [ app_begin ] --END-- [ RunTime:0.000000s ]
INFO: [ view_parse ] --START--
INFO: [ template_filter ] --START--
INFO: Run Behavior\ContentReplaceBehavior [ RunTime:0.000000s ]
INFO: [ template_filter ] --END-- [ RunTime:0.000000s ]
INFO: Run Behavior\ParseTemplateBehavior [ RunTime:0.015600s ]
INFO: [ view_parse ] --END-- [ RunTime:0.015600s ]
INFO: [ view_filter ] --START--
INFO: Run Behavior\WriteHtmlCacheBehavior [ RunTime:0.000000s ]
INFO: [ view_filter ] --END-- [ RunTime:0.000000s ]
INFO: [ app_end ] --START--
INFO: Run Behavior\ShowPageTraceBehavior [ RunTime:0.000000s ]
INFO: [ app_end ] --END-- [ RunTime:0.000000s ]

[ 2016-10-26T11:19:16+08:00 ] ::1 /livemanage/admin.php/addcase
INFO: [ app_init ] --START--
INFO: Run Behavior\BuildLiteBehavior [ RunTime:0.001000s ]
INFO: [ app_init ] --END-- [ RunTime:0.001000s ]
INFO: [ app_begin ] --START--
INFO: Run Behavior\ReadHtmlCacheBehavior [ RunTime:0.001000s ]
INFO: [ app_begin ] --END-- [ RunTime:0.002000s ]
NOTIC: [2] call_user_func() expects parameter 1 to be a valid callback, no array or string given D:\WORK\Git\Php\workspace\livemanage\ThinkPHP\Library\Think\Upload.class.php 第 170 行.
NOTIC: [2] call_user_func() expects parameter 1 to be a valid callback, no array or string given D:\WORK\Git\Php\workspace\livemanage\ThinkPHP\Library\Think\Upload.class.php 第 170 行.
SQL: SHOW COLUMNS FROM `case_info` [ RunTime:0.0050s ]
SQL: INSERT INTO `case_info` (`case_guid`,`case_thumbinal`,`case_qrcode`,`case_title`,`case_weight`) VALUES ('58101e8d36ae3','./Public/Uploads/Case/58101e8d36ae3/58101e913295e.jpg','./Public/Uploads/Case/58101e8d36ae3/58101e9134c87.jpg','!@#$%^&()_+,./;\'[]','0') [ RunTime:0.0080s ]

[ 2016-10-26T11:23:35+08:00 ] ::1 /livemanage/admin.php/getcase
INFO: [ app_init ] --START--
INFO: Run Behavior\BuildLiteBehavior [ RunTime:0.000000s ]
INFO: [ app_init ] --END-- [ RunTime:0.000000s ]
INFO: [ app_begin ] --START--
INFO: Run Behavior\ReadHtmlCacheBehavior [ RunTime:0.000000s ]
INFO: [ app_begin ] --END-- [ RunTime:0.000000s ]
SQL: SHOW COLUMNS FROM `case_info` [ RunTime:0.0000s ]
SQL: SELECT COUNT(*) AS tp_count FROM `case_info` LIMIT 1   [ RunTime:0.0000s ]
SQL: SELECT * FROM `case_info` ORDER BY case_weight asc, createtime desc LIMIT 0,10   [ RunTime:0.0000s ]

[ 2016-10-26T11:23:41+08:00 ] ::1 /livemanage/admin.php//caseupdate.html
INFO: [ app_init ] --START--
INFO: Run Behavior\BuildLiteBehavior [ RunTime:0.000000s ]
INFO: [ app_init ] --END-- [ RunTime:0.001000s ]
INFO: [ app_begin ] --START--
INFO: Run Behavior\ReadHtmlCacheBehavior [ RunTime:0.001000s ]
INFO: [ app_begin ] --END-- [ RunTime:0.003000s ]
INFO: [ view_parse ] --START--
INFO: [ template_filter ] --START--
INFO: Run Behavior\ContentReplaceBehavior [ RunTime:0.000000s ]
INFO: [ template_filter ] --END-- [ RunTime:0.001000s ]
INFO: Run Behavior\ParseTemplateBehavior [ RunTime:0.013000s ]
INFO: [ view_parse ] --END-- [ RunTime:0.013000s ]
INFO: [ view_filter ] --START--
INFO: Run Behavior\WriteHtmlCacheBehavior [ RunTime:0.001000s ]
INFO: [ view_filter ] --END-- [ RunTime:0.002000s ]
INFO: [ app_end ] --START--
INFO: Run Behavior\ShowPageTraceBehavior [ RunTime:0.002000s ]
INFO: [ app_end ] --END-- [ RunTime:0.002000s ]

[ 2016-10-26T11:24:09+08:00 ] ::1 /livemanage/admin.php/updatecase
INFO: [ app_init ] --START--
INFO: Run Behavior\BuildLiteBehavior [ RunTime:0.001000s ]
INFO: [ app_init ] --END-- [ RunTime:0.002000s ]
INFO: [ app_begin ] --START--
INFO: Run Behavior\ReadHtmlCacheBehavior [ RunTime:0.001000s ]
INFO: [ app_begin ] --END-- [ RunTime:0.001000s ]
SQL: SHOW COLUMNS FROM `case_info` [ RunTime:0.0040s ]
SQL: UPDATE `case_info` SET `id`='15',`case_title`='!@#$%^&()_+,./;\'[]',`case_guid`='58101cbdd3765',`case_weight`='0' WHERE ( id=15 ) [ RunTime:0.0040s ]

[ 2016-10-26T11:24:19+08:00 ] ::1 /livemanage/admin.php/getcase
INFO: [ app_init ] --START--
INFO: Run Behavior\BuildLiteBehavior [ RunTime:0.000000s ]
INFO: [ app_init ] --END-- [ RunTime:0.000000s ]
INFO: [ app_begin ] --START--
INFO: Run Behavior\ReadHtmlCacheBehavior [ RunTime:0.000000s ]
INFO: [ app_begin ] --END-- [ RunTime:0.000000s ]
SQL: SHOW COLUMNS FROM `case_info` [ RunTime:0.0000s ]
SQL: SELECT COUNT(*) AS tp_count FROM `case_info` LIMIT 1   [ RunTime:0.0000s ]
SQL: SELECT * FROM `case_info` ORDER BY case_weight asc, createtime desc LIMIT 0,10   [ RunTime:0.0000s ]

[ 2016-10-26T11:24:25+08:00 ] ::1 /livemanage/admin.php//caseupdate.html
INFO: [ app_init ] --START--
INFO: Run Behavior\BuildLiteBehavior [ RunTime:0.000000s ]
INFO: [ app_init ] --END-- [ RunTime:0.000000s ]
INFO: [ app_begin ] --START--
INFO: Run Behavior\ReadHtmlCacheBehavior [ RunTime:0.000000s ]
INFO: [ app_begin ] --END-- [ RunTime:0.000000s ]
INFO: [ view_parse ] --START--
INFO: [ template_filter ] --START--
INFO: Run Behavior\ContentReplaceBehavior [ RunTime:0.000000s ]
INFO: [ template_filter ] --END-- [ RunTime:0.000000s ]
INFO: Run Behavior\ParseTemplateBehavior [ RunTime:0.015600s ]
INFO: [ view_parse ] --END-- [ RunTime:0.015600s ]
INFO: [ view_filter ] --START--
INFO: Run Behavior\WriteHtmlCacheBehavior [ RunTime:0.000000s ]
INFO: [ view_filter ] --END-- [ RunTime:0.000000s ]
INFO: [ app_end ] --START--
INFO: Run Behavior\ShowPageTraceBehavior [ RunTime:0.000000s ]
INFO: [ app_end ] --END-- [ RunTime:0.000000s ]

[ 2016-10-26T11:24:26+08:00 ] ::1 /livemanage/admin.php/getcaseById
INFO: [ app_init ] --START--
INFO: Run Behavior\BuildLiteBehavior [ RunTime:0.000000s ]
INFO: [ app_init ] --END-- [ RunTime:0.000000s ]
INFO: [ app_begin ] --START--
INFO: Run Behavior\ReadHtmlCacheBehavior [ RunTime:0.000000s ]
INFO: [ app_begin ] --END-- [ RunTime:0.000000s ]
NOTIC: [8] Undefined index: r_type_link D:\WORK\Git\Php\workspace\livemanage\Application\Admin\Controller\IndexController.class.php 第 143 行.
SQL: SHOW COLUMNS FROM `case_info` [ RunTime:0.0156s ]
SQL: select * from case_info where id='16' [ RunTime:0.0000s ]

[ 2016-10-26T11:24:26+08:00 ] ::1 /livemanage/admin.php/getcaseById
INFO: [ app_init ] --START--
INFO: Run Behavior\BuildLiteBehavior [ RunTime:0.000000s ]
INFO: [ app_init ] --END-- [ RunTime:0.000000s ]
INFO: [ app_begin ] --START--
INFO: Run Behavior\ReadHtmlCacheBehavior [ RunTime:0.000000s ]
INFO: [ app_begin ] --END-- [ RunTime:0.000000s ]
NOTIC: [8] Undefined index: r_type_link D:\WORK\Git\Php\workspace\livemanage\Application\Admin\Controller\IndexController.class.php 第 143 行.
SQL: SHOW COLUMNS FROM `case_info` [ RunTime:0.0000s ]
SQL: select * from case_info where id='16' [ RunTime:0.0000s ]

[ 2016-10-26T11:24:37+08:00 ] ::1 /livemanage/admin.php/updatecase
INFO: [ app_init ] --START--
INFO: Run Behavior\BuildLiteBehavior [ RunTime:0.000000s ]
INFO: [ app_init ] --END-- [ RunTime:0.000000s ]
INFO: [ app_begin ] --START--
INFO: Run Behavior\ReadHtmlCacheBehavior [ RunTime:0.001000s ]
INFO: [ app_begin ] --END-- [ RunTime:0.002000s ]
SQL: SHOW COLUMNS FROM `case_info` [ RunTime:0.0050s ]
SQL: UPDATE `case_info` SET `id`='16',`case_title`='!@#$%^&()_+,./;\'[]\'\'\'\'',`case_guid`='58101e8d36ae3',`case_weight`='0' WHERE ( id=16 ) [ RunTime:0.0030s ]

[ 2016-10-26T11:24:43+08:00 ] ::1 /livemanage/admin.php/getcase
INFO: [ app_init ] --START--
INFO: Run Behavior\BuildLiteBehavior [ RunTime:0.000000s ]
INFO: [ app_init ] --END-- [ RunTime:0.000000s ]
INFO: [ app_begin ] --START--
INFO: Run Behavior\ReadHtmlCacheBehavior [ RunTime:0.015600s ]
INFO: [ app_begin ] --END-- [ RunTime:0.015600s ]
SQL: SHOW COLUMNS FROM `case_info` [ RunTime:0.0156s ]
SQL: SELECT COUNT(*) AS tp_count FROM `case_info` LIMIT 1   [ RunTime:0.0000s ]
SQL: SELECT * FROM `case_info` ORDER BY case_weight asc, createtime desc LIMIT 0,10   [ RunTime:0.0000s ]

[ 2016-10-26T11:24:55+08:00 ] ::1 /livemanage/admin.php//caseinsert.html
INFO: [ app_init ] --START--
INFO: Run Behavior\BuildLiteBehavior [ RunTime:0.000000s ]
INFO: [ app_init ] --END-- [ RunTime:0.000000s ]
INFO: [ app_begin ] --START--
INFO: Run Behavior\ReadHtmlCacheBehavior [ RunTime:0.000000s ]
INFO: [ app_begin ] --END-- [ RunTime:0.000000s ]
INFO: [ view_parse ] --START--
INFO: [ template_filter ] --START--
INFO: Run Behavior\ContentReplaceBehavior [ RunTime:0.000000s ]
INFO: [ template_filter ] --END-- [ RunTime:0.000000s ]
INFO: Run Behavior\ParseTemplateBehavior [ RunTime:0.015600s ]
INFO: [ view_parse ] --END-- [ RunTime:0.015600s ]
INFO: [ view_filter ] --START--
INFO: Run Behavior\WriteHtmlCacheBehavior [ RunTime:0.000000s ]
INFO: [ view_filter ] --END-- [ RunTime:0.000000s ]
INFO: [ app_end ] --START--
INFO: Run Behavior\ShowPageTraceBehavior [ RunTime:0.000000s ]
INFO: [ app_end ] --END-- [ RunTime:0.000000s ]

[ 2016-10-26T11:24:58+08:00 ] ::1 /livemanage/admin.php/getcase
INFO: [ app_init ] --START--
INFO: Run Behavior\BuildLiteBehavior [ RunTime:0.000000s ]
INFO: [ app_init ] --END-- [ RunTime:0.000000s ]
INFO: [ app_begin ] --START--
INFO: Run Behavior\ReadHtmlCacheBehavior [ RunTime:0.000000s ]
INFO: [ app_begin ] --END-- [ RunTime:0.000000s ]
SQL: SHOW COLUMNS FROM `case_info` [ RunTime:0.0000s ]
SQL: SELECT COUNT(*) AS tp_count FROM `case_info` LIMIT 1   [ RunTime:0.0000s ]
SQL: SELECT * FROM `case_info` ORDER BY case_weight asc, createtime desc LIMIT 0,10   [ RunTime:0.0000s ]

[ 2016-10-26T11:28:17+08:00 ] ::1 /livemanage/admin.php//newsinsert.html
INFO: [ app_init ] --START--
INFO: Run Behavior\BuildLiteBehavior [ RunTime:0.000000s ]
INFO: [ app_init ] --END-- [ RunTime:0.000000s ]
INFO: [ app_begin ] --START--
INFO: Run Behavior\ReadHtmlCacheBehavior [ RunTime:0.000000s ]
INFO: [ app_begin ] --END-- [ RunTime:0.000000s ]
INFO: [ view_parse ] --START--
INFO: [ template_filter ] --START--
INFO: Run Behavior\ContentReplaceBehavior [ RunTime:0.000000s ]
INFO: [ template_filter ] --END-- [ RunTime:0.000000s ]
INFO: Run Behavior\ParseTemplateBehavior [ RunTime:0.015600s ]
INFO: [ view_parse ] --END-- [ RunTime:0.015600s ]
INFO: [ view_filter ] --START--
INFO: Run Behavior\WriteHtmlCacheBehavior [ RunTime:0.000000s ]
INFO: [ view_filter ] --END-- [ RunTime:0.000000s ]
INFO: [ app_end ] --START--
INFO: Run Behavior\ShowPageTraceBehavior [ RunTime:0.000000s ]
INFO: [ app_end ] --END-- [ RunTime:0.000000s ]

[ 2016-10-26T11:28:18+08:00 ] ::1 /livemanage/admin.php/editor.html
INFO: [ app_init ] --START--
INFO: Run Behavior\BuildLiteBehavior [ RunTime:0.000000s ]
INFO: [ app_init ] --END-- [ RunTime:0.001000s ]
INFO: [ app_begin ] --START--
INFO: Run Behavior\ReadHtmlCacheBehavior [ RunTime:0.001000s ]
INFO: [ app_begin ] --END-- [ RunTime:0.002000s ]
INFO: [ view_parse ] --START--
INFO: [ template_filter ] --START--
INFO: Run Behavior\ContentReplaceBehavior [ RunTime:0.000000s ]
INFO: [ template_filter ] --END-- [ RunTime:0.002000s ]
INFO: Run Behavior\ParseTemplateBehavior [ RunTime:0.015001s ]
INFO: [ view_parse ] --END-- [ RunTime:0.016001s ]
INFO: [ view_filter ] --START--
INFO: Run Behavior\WriteHtmlCacheBehavior [ RunTime:0.007000s ]
INFO: [ view_filter ] --END-- [ RunTime:0.008000s ]
INFO: [ app_end ] --START--
INFO: Run Behavior\ShowPageTraceBehavior [ RunTime:0.001000s ]
INFO: [ app_end ] --END-- [ RunTime:0.003000s ]

[ 2016-10-26T11:28:23+08:00 ] ::1 /livemanage/admin.php/getnews
INFO: [ app_init ] --START--
INFO: Run Behavior\BuildLiteBehavior [ RunTime:0.000000s ]
INFO: [ app_init ] --END-- [ RunTime:0.001000s ]
INFO: [ app_begin ] --START--
INFO: Run Behavior\ReadHtmlCacheBehavior [ RunTime:0.001000s ]
INFO: [ app_begin ] --END-- [ RunTime:0.001000s ]
NOTIC: [8] Undefined index: pagecount D:\WORK\Git\Php\workspace\livemanage\Application\Admin\Controller\IndexController.class.php 第 326 行.
SQL: SHOW COLUMNS FROM `news_info` [ RunTime:0.0780s ]
SQL: SELECT COUNT(*) AS tp_count FROM `news_info` LIMIT 1   [ RunTime:0.0000s ]
SQL: SELECT * FROM `news_info` ORDER BY news_weight asc,news_time desc,create_time desc LIMIT 0,10   [ RunTime:0.0000s ]

[ 2016-10-26T11:28:25+08:00 ] ::1 /livemanage/admin.php//newsupdate.html
INFO: [ app_init ] --START--
INFO: Run Behavior\BuildLiteBehavior [ RunTime:0.002000s ]
INFO: [ app_init ] --END-- [ RunTime:0.003000s ]
INFO: [ app_begin ] --START--
INFO: Run Behavior\ReadHtmlCacheBehavior [ RunTime:0.001000s ]
INFO: [ app_begin ] --END-- [ RunTime:0.001000s ]
INFO: [ view_parse ] --START--
INFO: [ template_filter ] --START--
INFO: Run Behavior\ContentReplaceBehavior [ RunTime:0.000000s ]
INFO: [ template_filter ] --END-- [ RunTime:0.001000s ]
INFO: Run Behavior\ParseTemplateBehavior [ RunTime:0.014001s ]
INFO: [ view_parse ] --END-- [ RunTime:0.015001s ]
INFO: [ view_filter ] --START--
INFO: Run Behavior\WriteHtmlCacheBehavior [ RunTime:0.001000s ]
INFO: [ view_filter ] --END-- [ RunTime:0.001000s ]
INFO: [ app_end ] --START--
INFO: Run Behavior\ShowPageTraceBehavior [ RunTime:0.001000s ]
INFO: [ app_end ] --END-- [ RunTime:0.002000s ]

[ 2016-10-26T11:28:26+08:00 ] ::1 /livemanage/admin.php/editor.html
INFO: [ app_init ] --START--
INFO: Run Behavior\BuildLiteBehavior [ RunTime:0.000000s ]
INFO: [ app_init ] --END-- [ RunTime:0.001001s ]
INFO: [ app_begin ] --START--
INFO: Run Behavior\ReadHtmlCacheBehavior [ RunTime:0.001000s ]
INFO: [ app_begin ] --END-- [ RunTime:0.001000s ]
INFO: [ view_parse ] --START--
INFO: [ template_filter ] --START--
INFO: Run Behavior\ContentReplaceBehavior [ RunTime:0.000000s ]
INFO: [ template_filter ] --END-- [ RunTime:0.001000s ]
INFO: Run Behavior\ParseTemplateBehavior [ RunTime:0.016001s ]
INFO: [ view_parse ] --END-- [ RunTime:0.016001s ]
INFO: [ view_filter ] --START--
INFO: Run Behavior\WriteHtmlCacheBehavior [ RunTime:0.001000s ]
INFO: [ view_filter ] --END-- [ RunTime:0.002000s ]
INFO: [ app_end ] --START--
INFO: Run Behavior\ShowPageTraceBehavior [ RunTime:0.002000s ]
INFO: [ app_end ] --END-- [ RunTime:0.002000s ]

[ 2016-10-26T11:28:26+08:00 ] ::1 /livemanage/admin.php/getNewsById
INFO: [ app_init ] --START--
INFO: Run Behavior\BuildLiteBehavior [ RunTime:0.000000s ]
INFO: [ app_init ] --END-- [ RunTime:0.002000s ]
INFO: [ app_begin ] --START--
INFO: Run Behavior\ReadHtmlCacheBehavior [ RunTime:0.002000s ]
INFO: [ app_begin ] --END-- [ RunTime:0.002000s ]
NOTIC: [8] Undefined index: r_type_link D:\WORK\Git\Php\workspace\livemanage\Application\Admin\Controller\IndexController.class.php 第 367 行.
SQL: SHOW COLUMNS FROM `news_info` [ RunTime:0.0050s ]
SQL: select * from news_info where id='1' [ RunTime:0.0000s ]

[ 2016-10-26T11:28:34+08:00 ] ::1 /livemanage/admin.php/updatenews
INFO: [ app_init ] --START--
INFO: Run Behavior\BuildLiteBehavior [ RunTime:0.000000s ]
INFO: [ app_init ] --END-- [ RunTime:0.001000s ]
INFO: [ app_begin ] --START--
INFO: Run Behavior\ReadHtmlCacheBehavior [ RunTime:0.001000s ]
INFO: [ app_begin ] --END-- [ RunTime:0.001000s ]
NOTIC: [8] Undefined index: weight D:\WORK\Git\Php\workspace\livemanage\Application\Admin\Controller\IndexController.class.php 第 407 行.
SQL: SHOW COLUMNS FROM `news_info` [ RunTime:0.0040s ]
SQL: select * from news_info where id='1' [ RunTime:0.0000s ]
SQL: UPDATE `news_info` SET `id`='1',`news_guid`='580f0b040b340',`news_title`='test\'\'\'',`news_time`='2016-10-25',`news_des`=' test' WHERE ( id=1 ) [ RunTime:0.0210s ]

[ 2016-10-26T11:28:34+08:00 ] ::1 /livemanage/admin.php/getnews
INFO: [ app_init ] --START--
INFO: Run Behavior\BuildLiteBehavior [ RunTime:0.000000s ]
INFO: [ app_init ] --END-- [ RunTime:0.001000s ]
INFO: [ app_begin ] --START--
INFO: Run Behavior\ReadHtmlCacheBehavior [ RunTime:0.001000s ]
INFO: [ app_begin ] --END-- [ RunTime:0.001000s ]
NOTIC: [8] Undefined index: pagecount D:\WORK\Git\Php\workspace\livemanage\Application\Admin\Controller\IndexController.class.php 第 326 行.
SQL: SHOW COLUMNS FROM `news_info` [ RunTime:0.0000s ]
SQL: SELECT COUNT(*) AS tp_count FROM `news_info` LIMIT 1   [ RunTime:0.0000s ]
SQL: SELECT * FROM `news_info` ORDER BY news_weight asc,news_time desc,create_time desc LIMIT 0,10   [ RunTime:0.0000s ]

[ 2016-10-26T11:33:51+08:00 ] ::1 /livemanage/admin.php/getcase
INFO: [ app_init ] --START--
INFO: Run Behavior\BuildLiteBehavior [ RunTime:0.000000s ]
INFO: [ app_init ] --END-- [ RunTime:0.001001s ]
INFO: [ app_begin ] --START--
INFO: Run Behavior\ReadHtmlCacheBehavior [ RunTime:0.001000s ]
INFO: [ app_begin ] --END-- [ RunTime:0.001000s ]
SQL: SHOW COLUMNS FROM `case_info` [ RunTime:0.0000s ]
SQL: SELECT COUNT(*) AS tp_count FROM `case_info` LIMIT 1   [ RunTime:0.0000s ]
SQL: SELECT * FROM `case_info` ORDER BY case_weight asc, createtime desc LIMIT 0,10   [ RunTime:0.0000s ]

[ 2016-10-26T11:34:01+08:00 ] ::1 /livemanage/admin.php/getcase
INFO: [ app_init ] --START--
INFO: Run Behavior\BuildLiteBehavior [ RunTime:0.000000s ]
INFO: [ app_init ] --END-- [ RunTime:0.000000s ]
INFO: [ app_begin ] --START--
INFO: Run Behavior\ReadHtmlCacheBehavior [ RunTime:0.000000s ]
INFO: [ app_begin ] --END-- [ RunTime:0.000000s ]
SQL: SHOW COLUMNS FROM `case_info` [ RunTime:0.0000s ]
SQL: SELECT COUNT(*) AS tp_count FROM `case_info` LIMIT 1   [ RunTime:0.0000s ]
SQL: SELECT * FROM `case_info` ORDER BY case_weight asc, createtime desc LIMIT 10,10   [ RunTime:0.0000s ]

[ 2016-10-26T11:34:11+08:00 ] ::1 /livemanage/admin.php//caseinsert.html
INFO: [ app_init ] --START--
INFO: Run Behavior\BuildLiteBehavior [ RunTime:0.000000s ]
INFO: [ app_init ] --END-- [ RunTime:0.001000s ]
INFO: [ app_begin ] --START--
INFO: Run Behavior\ReadHtmlCacheBehavior [ RunTime:0.002000s ]
INFO: [ app_begin ] --END-- [ RunTime:0.002000s ]
INFO: [ view_parse ] --START--
INFO: [ template_filter ] --START--
INFO: Run Behavior\ContentReplaceBehavior [ RunTime:0.000000s ]
INFO: [ template_filter ] --END-- [ RunTime:0.000000s ]
INFO: Run Behavior\ParseTemplateBehavior [ RunTime:0.002000s ]
INFO: [ view_parse ] --END-- [ RunTime:0.002000s ]
INFO: [ view_filter ] --START--
INFO: Run Behavior\WriteHtmlCacheBehavior [ RunTime:0.000000s ]
INFO: [ view_filter ] --END-- [ RunTime:0.000000s ]
INFO: [ app_end ] --START--
INFO: Run Behavior\ShowPageTraceBehavior [ RunTime:0.015600s ]
INFO: [ app_end ] --END-- [ RunTime:0.015600s ]

[ 2016-10-26T11:34:12+08:00 ] ::1 /livemanage/admin.php/getnews
INFO: [ app_init ] --START--
INFO: Run Behavior\BuildLiteBehavior [ RunTime:0.000000s ]
INFO: [ app_init ] --END-- [ RunTime:0.001000s ]
INFO: [ app_begin ] --START--
INFO: Run Behavior\ReadHtmlCacheBehavior [ RunTime:0.001000s ]
INFO: [ app_begin ] --END-- [ RunTime:0.001000s ]
NOTIC: [8] Undefined index: pagecount D:\WORK\Git\Php\workspace\livemanage\Application\Admin\Controller\IndexController.class.php 第 326 行.
SQL: SHOW COLUMNS FROM `news_info` [ RunTime:0.0000s ]
SQL: SELECT COUNT(*) AS tp_count FROM `news_info` LIMIT 1   [ RunTime:0.0000s ]
SQL: SELECT * FROM `news_info` ORDER BY news_weight asc,news_time desc,create_time desc LIMIT 0,10   [ RunTime:0.0000s ]

[ 2016-10-26T11:34:13+08:00 ] ::1 /livemanage/admin.php/getnews
INFO: [ app_init ] --START--
INFO: Run Behavior\BuildLiteBehavior [ RunTime:0.000000s ]
INFO: [ app_init ] --END-- [ RunTime:0.001000s ]
INFO: [ app_begin ] --START--
INFO: Run Behavior\ReadHtmlCacheBehavior [ RunTime:0.001000s ]
INFO: [ app_begin ] --END-- [ RunTime:0.001000s ]
NOTIC: [8] Undefined index: page D:\WORK\Git\Php\workspace\livemanage\Application\Admin\Controller\IndexController.class.php 第 325 行.
NOTIC: [8] Undefined index: pagecount D:\WORK\Git\Php\workspace\livemanage\Application\Admin\Controller\IndexController.class.php 第 326 行.
SQL: SHOW COLUMNS FROM `news_info` [ RunTime:0.0060s ]
SQL: SELECT COUNT(*) AS tp_count FROM `news_info` LIMIT 1   [ RunTime:0.0020s ]
SQL: SELECT * FROM `news_info` ORDER BY news_weight asc,news_time desc,create_time desc LIMIT 0,10   [ RunTime:0.0010s ]

