[2016-09-18 10:00:06]2016-09-18 10:00:06 <b>My ERROR</b> [5022] 执行SQL语句出错！Failed: 执行SQL语句出错！<br />
  Fatal error on line 208 in file /opt/eq-cloud-admin/public/cloudlive/class/plus/pdodatabase/pdodatabase.class.php<br />
#0 /opt/eq-cloud-admin/public/cloudlive/class/model/tvmbean.class.php(237): pdoDatabase->execute('update liveboxs...', Array)
#1 /opt/eq-cloud-admin/public/cloudlive/class/model/tvmbean.class.php(264): Bean->update()
#2 /opt/eq-cloud-admin/public/cloudlive/class/model/tvmboxs.class.php(41): Bean->save()
#3 /opt/eq-cloud-admin/public/cloudlive/class/module/box.class.php(127): Boxs->delete('T00E04CFC1653', '1000050016')
#4 [internal function]: Box->delete_box(Array)
#5 /opt/eq-cloud-admin/public/cloudlive/class/includes/public/core.class.php(284): call_user_func(Array, Array)
#6 /opt/eq-cloud-admin/public/cloudlive/class/includes/public/core.class.php(232): Core::setModel('/box/delete_box')
#7 /opt/eq-cloud-admin/public/cloudlive/class/includes/default.inc.php(84): Core::getRoute()
#8 /opt/eq-cloud-admin/public/cloudlive/index.php(11): require_once('/opt/eq-cloud-a...')
#9 {main}<br />
SQL 语句:update liveboxs set userid = ?,boxname = ?,del_time = ?,dstatus = ? where id='10012'<br />
PHP 5.5.22 (Linux)<br />

[2016-09-18 10:00:13]2016-09-18 10:00:13 <b>My ERROR</b> [5022] 执行SQL语句出错！Failed: 执行SQL语句出错！<br />
  Fatal error on line 208 in file /opt/eq-cloud-admin/public/cloudlive/class/plus/pdodatabase/pdodatabase.class.php<br />
#0 /opt/eq-cloud-admin/public/cloudlive/class/model/tvmbean.class.php(237): pdoDatabase->execute('update liveboxs...', Array)
#1 /opt/eq-cloud-admin/public/cloudlive/class/model/tvmbean.class.php(264): Bean->update()
#2 /opt/eq-cloud-admin/public/cloudlive/class/model/tvmboxs.class.php(41): Bean->save()
#3 /opt/eq-cloud-admin/public/cloudlive/class/module/box.class.php(127): Boxs->delete('T00E04CFC1653', '1000050016')
#4 [internal function]: Box->delete_box(Array)
#5 /opt/eq-cloud-admin/public/cloudlive/class/includes/public/core.class.php(284): call_user_func(Array, Array)
#6 /opt/eq-cloud-admin/public/cloudlive/class/includes/public/core.class.php(232): Core::setModel('/box/delete_box')
#7 /opt/eq-cloud-admin/public/cloudlive/class/includes/default.inc.php(84): Core::getRoute()
#8 /opt/eq-cloud-admin/public/cloudlive/index.php(11): require_once('/opt/eq-cloud-a...')
#9 {main}<br />
SQL 语句:update liveboxs set userid = ?,boxname = ?,del_time = ?,dstatus = ? where id='10012'<br />
PHP 5.5.22 (Linux)<br />

[2016-09-18 10:00:34]2016-09-18 10:00:34 <b>My ERROR</b> [5022] 执行SQL语句出错！Failed: 执行SQL语句出错！<br />
  Fatal error on line 208 in file /opt/eq-cloud-admin/public/cloudlive/class/plus/pdodatabase/pdodatabase.class.php<br />
#0 /opt/eq-cloud-admin/public/cloudlive/class/model/tvmbean.class.php(237): pdoDatabase->execute('update liveboxs...', Array)
#1 /opt/eq-cloud-admin/public/cloudlive/class/model/tvmbean.class.php(264): Bean->update()
#2 /opt/eq-cloud-admin/public/cloudlive/class/model/tvmboxs.class.php(41): Bean->save()
#3 /opt/eq-cloud-admin/public/cloudlive/class/module/box.class.php(127): Boxs->delete('T00E04CFC1653', '1000050016')
#4 [internal function]: Box->delete_box(Array)
#5 /opt/eq-cloud-admin/public/cloudlive/class/includes/public/core.class.php(284): call_user_func(Array, Array)
#6 /opt/eq-cloud-admin/public/cloudlive/class/includes/public/core.class.php(232): Core::setModel('/box/delete_box')
#7 /opt/eq-cloud-admin/public/cloudlive/class/includes/default.inc.php(84): Core::getRoute()
#8 /opt/eq-cloud-admin/public/cloudlive/index.php(11): require_once('/opt/eq-cloud-a...')
#9 {main}<br />
SQL 语句:update liveboxs set userid = ?,boxname = ?,del_time = ?,dstatus = ? where id='10012'<br />
PHP 5.5.22 (Linux)<br />

[2016-09-18 10:13:43]2016-09-18 10:13:43 <b>My ERROR</b> [5022] 执行SQL语句出错！Failed: 执行SQL语句出错！<br />
  Fatal error on line 208 in file /opt/eq-cloud-admin/public/cloudlive/class/plus/pdodatabase/pdodatabase.class.php<br />
#0 /opt/eq-cloud-admin/public/cloudlive/class/model/tvmbean.class.php(237): pdoDatabase->execute('update liveboxs...', Array)
#1 /opt/eq-cloud-admin/public/cloudlive/class/model/tvmbean.class.php(264): Bean->update()
#2 /opt/eq-cloud-admin/public/cloudlive/class/model/tvmboxs.class.php(41): Bean->save()
#3 /opt/eq-cloud-admin/public/cloudlive/class/module/box.class.php(127): Boxs->delete('T00E04CFC1653', '1000050016')
#4 [internal function]: Box->delete_box(Array)
#5 /opt/eq-cloud-admin/public/cloudlive/class/includes/public/core.class.php(284): call_user_func(Array, Array)
#6 /opt/eq-cloud-admin/public/cloudlive/class/includes/public/core.class.php(232): Core::setModel('/box/delete_box')
#7 /opt/eq-cloud-admin/public/cloudlive/class/includes/default.inc.php(84): Core::getRoute()
#8 /opt/eq-cloud-admin/public/cloudlive/index.php(11): require_once('/opt/eq-cloud-a...')
#9 {main}<br />
SQL 语句:update liveboxs set userid = ?,boxname = ?,del_time = ?,dstatus = ? where id='10012'<br />
PHP 5.5.22 (Linux)<br />

[2016-09-18 11:28:04]2016-09-18 11:28:04 <b>My ERROR</b> [5022] 执行SQL语句出错！Failed: 执行SQL语句出错！<br />
  Fatal error on line 208 in file /opt/eq-cloud-admin/public/cloudlive/class/plus/pdodatabase/pdodatabase.class.php<br />
#0 /opt/eq-cloud-admin/public/cloudlive/class/model/tvmbean.class.php(237): pdoDatabase->execute('update liveboxs...', Array)
#1 /opt/eq-cloud-admin/public/cloudlive/class/model/tvmbean.class.php(264): Bean->update()
#2 /opt/eq-cloud-admin/public/cloudlive/class/model/tvmboxs.class.php(41): Bean->save()
#3 /opt/eq-cloud-admin/public/cloudlive/class/module/box.class.php(127): Boxs->delete('T00E04CFC1EA6', '1000050010')
#4 [internal function]: Box->delete_box(Array)
#5 /opt/eq-cloud-admin/public/cloudlive/class/includes/public/core.class.php(284): call_user_func(Array, Array)
#6 /opt/eq-cloud-admin/public/cloudlive/class/includes/public/core.class.php(232): Core::setModel('/box/delete_box')
#7 /opt/eq-cloud-admin/public/cloudlive/class/includes/default.inc.php(84): Core::getRoute()
#8 /opt/eq-cloud-admin/public/cloudlive/index.php(11): require_once('/opt/eq-cloud-a...')
#9 {main}<br />
SQL 语句:update liveboxs set userid = ?,boxname = ?,del_time = ?,status = ?,dstatus = ? where id='10015'<br />
PHP 5.5.22 (Linux)<br />

[2016-09-18 11:28:20]2016-09-18 11:28:20 <b>My ERROR</b> [5022] 执行SQL语句出错！Failed: 执行SQL语句出错！<br />
  Fatal error on line 208 in file /opt/eq-cloud-admin/public/cloudlive/class/plus/pdodatabase/pdodatabase.class.php<br />
#0 /opt/eq-cloud-admin/public/cloudlive/class/model/tvmbean.class.php(237): pdoDatabase->execute('update liveboxs...', Array)
#1 /opt/eq-cloud-admin/public/cloudlive/class/model/tvmbean.class.php(264): Bean->update()
#2 /opt/eq-cloud-admin/public/cloudlive/class/model/tvmboxs.class.php(41): Bean->save()
#3 /opt/eq-cloud-admin/public/cloudlive/class/module/box.class.php(127): Boxs->delete('T00E04CFC1EA6', '1000050010')
#4 [internal function]: Box->delete_box(Array)
#5 /opt/eq-cloud-admin/public/cloudlive/class/includes/public/core.class.php(284): call_user_func(Array, Array)
#6 /opt/eq-cloud-admin/public/cloudlive/class/includes/public/core.class.php(232): Core::setModel('/box/delete_box')
#7 /opt/eq-cloud-admin/public/cloudlive/class/includes/default.inc.php(84): Core::getRoute()
#8 /opt/eq-cloud-admin/public/cloudlive/index.php(11): require_once('/opt/eq-cloud-a...')
#9 {main}<br />
SQL 语句:update liveboxs set userid = ?,boxname = ?,del_time = ?,status = ?,dstatus = ? where id='10015'<br />
PHP 5.5.22 (Linux)<br />

[2016-09-18 11:28:42]2016-09-18 11:28:42 <b>My ERROR</b> [5022] 执行SQL语句出错！Failed: 执行SQL语句出错！<br />
  Fatal error on line 208 in file /opt/eq-cloud-admin/public/cloudlive/class/plus/pdodatabase/pdodatabase.class.php<br />
#0 /opt/eq-cloud-admin/public/cloudlive/class/model/tvmbean.class.php(237): pdoDatabase->execute('update liveboxs...', Array)
#1 /opt/eq-cloud-admin/public/cloudlive/class/model/tvmbean.class.php(264): Bean->update()
#2 /opt/eq-cloud-admin/public/cloudlive/class/model/tvmboxs.class.php(41): Bean->save()
#3 /opt/eq-cloud-admin/public/cloudlive/class/module/box.class.php(127): Boxs->delete('T00E04CFC1EA6', '1000050010')
#4 [internal function]: Box->delete_box(Array)
#5 /opt/eq-cloud-admin/public/cloudlive/class/includes/public/core.class.php(284): call_user_func(Array, Array)
#6 /opt/eq-cloud-admin/public/cloudlive/class/includes/public/core.class.php(232): Core::setModel('/box/delete_box')
#7 /opt/eq-cloud-admin/public/cloudlive/class/includes/default.inc.php(84): Core::getRoute()
#8 /opt/eq-cloud-admin/public/cloudlive/index.php(11): require_once('/opt/eq-cloud-a...')
#9 {main}<br />
SQL 语句:update liveboxs set userid = ?,boxname = ?,del_time = ?,status = ?,dstatus = ? where id='10015'<br />
PHP 5.5.22 (Linux)<br />

[2016-09-18 11:29:58]2016-09-18 11:29:58 <b>My ERROR</b> [5022] 执行SQL语句出错！Failed: 执行SQL语句出错！<br />
  Fatal error on line 208 in file /opt/eq-cloud-admin/public/cloudlive/class/plus/pdodatabase/pdodatabase.class.php<br />
#0 /opt/eq-cloud-admin/public/cloudlive/class/model/tvmbean.class.php(237): pdoDatabase->execute('update liveboxs...', Array)
#1 /opt/eq-cloud-admin/public/cloudlive/class/model/tvmbean.class.php(264): Bean->update()
#2 /opt/eq-cloud-admin/public/cloudlive/class/model/tvmboxs.class.php(41): Bean->save()
#3 /opt/eq-cloud-admin/public/cloudlive/class/module/box.class.php(127): Boxs->delete('T00E04CFC1EA6', '1000050010')
#4 [internal function]: Box->delete_box(Array)
#5 /opt/eq-cloud-admin/public/cloudlive/class/includes/public/core.class.php(284): call_user_func(Array, Array)
#6 /opt/eq-cloud-admin/public/cloudlive/class/includes/public/core.class.php(232): Core::setModel('/box/delete_box')
#7 /opt/eq-cloud-admin/public/cloudlive/class/includes/default.inc.php(84): Core::getRoute()
#8 /opt/eq-cloud-admin/public/cloudlive/index.php(11): require_once('/opt/eq-cloud-a...')
#9 {main}<br />
SQL 语句:update liveboxs set userid = ?,boxname = ?,del_time = ?,status = ?,dstatus = ? where id='10015'<br />
PHP 5.5.22 (Linux)<br />

