[2016-09-22 16:57:04]2016-09-22 16:57:04 <b>My ERROR</b> [5022] 执行SQL语句出错！Failed: 执行SQL语句出错！<br />
  Fatal error on line 208 in file /opt/eq-cloud-admin/public/cloudlive/class/plus/pdodatabase/pdodatabase.class.php<br />
#0 /opt/eq-cloud-admin/public/cloudlive/class/model/tvmbean.class.php(240): pdoDatabase->execute('insert liveboxs...', Array)
#1 /opt/eq-cloud-admin/public/cloudlive/class/model/tvmbean.class.php(269): Bean->update(true)
#2 /opt/eq-cloud-admin/public/cloudlive/class/module/boxmanage.class.php(299): Bean->save()
#3 [internal function]: BoxManage->addurl(Array)
#4 /opt/eq-cloud-admin/public/cloudlive/class/includes/public/core.class.php(284): call_user_func(Array, Array)
#5 /opt/eq-cloud-admin/public/cloudlive/class/includes/public/core.class.php(250): Core::setModel('/boxmanage/addu...')
#6 /opt/eq-cloud-admin/public/cloudlive/class/includes/default.inc.php(84): Core::getRoute()
#7 /opt/eq-cloud-admin/public/cloudlive/index.php(11): require_once('/opt/eq-cloud-a...')
#8 {main}<br />
SQL 语句:insert liveboxs (`userid`,`boxname`,`boxcode`,`image`,`status`,`dstatus`,`livepath`) values(?,?,?,?,?,?,?)<br />
PHP 5.5.22 (Linux)<br />

[2016-09-22 16:57:07]2016-09-22 16:57:07 <b>My ERROR</b> [5022] 执行SQL语句出错！Failed: 执行SQL语句出错！<br />
  Fatal error on line 208 in file /opt/eq-cloud-admin/public/cloudlive/class/plus/pdodatabase/pdodatabase.class.php<br />
#0 /opt/eq-cloud-admin/public/cloudlive/class/model/tvmbean.class.php(240): pdoDatabase->execute('insert liveboxs...', Array)
#1 /opt/eq-cloud-admin/public/cloudlive/class/model/tvmbean.class.php(269): Bean->update(true)
#2 /opt/eq-cloud-admin/public/cloudlive/class/module/boxmanage.class.php(299): Bean->save()
#3 [internal function]: BoxManage->addurl(Array)
#4 /opt/eq-cloud-admin/public/cloudlive/class/includes/public/core.class.php(284): call_user_func(Array, Array)
#5 /opt/eq-cloud-admin/public/cloudlive/class/includes/public/core.class.php(250): Core::setModel('/boxmanage/addu...')
#6 /opt/eq-cloud-admin/public/cloudlive/class/includes/default.inc.php(84): Core::getRoute()
#7 /opt/eq-cloud-admin/public/cloudlive/index.php(11): require_once('/opt/eq-cloud-a...')
#8 {main}<br />
SQL 语句:insert liveboxs (`userid`,`boxname`,`boxcode`,`image`,`status`,`dstatus`,`livepath`) values(?,?,?,?,?,?,?)<br />
PHP 5.5.22 (Linux)<br />

[2016-09-22 16:57:08]2016-09-22 16:57:08 <b>My ERROR</b> [5022] 执行SQL语句出错！Failed: 执行SQL语句出错！<br />
  Fatal error on line 208 in file /opt/eq-cloud-admin/public/cloudlive/class/plus/pdodatabase/pdodatabase.class.php<br />
#0 /opt/eq-cloud-admin/public/cloudlive/class/model/tvmbean.class.php(240): pdoDatabase->execute('insert liveboxs...', Array)
#1 /opt/eq-cloud-admin/public/cloudlive/class/model/tvmbean.class.php(269): Bean->update(true)
#2 /opt/eq-cloud-admin/public/cloudlive/class/module/boxmanage.class.php(299): Bean->save()
#3 [internal function]: BoxManage->addurl(Array)
#4 /opt/eq-cloud-admin/public/cloudlive/class/includes/public/core.class.php(284): call_user_func(Array, Array)
#5 /opt/eq-cloud-admin/public/cloudlive/class/includes/public/core.class.php(250): Core::setModel('/boxmanage/addu...')
#6 /opt/eq-cloud-admin/public/cloudlive/class/includes/default.inc.php(84): Core::getRoute()
#7 /opt/eq-cloud-admin/public/cloudlive/index.php(11): require_once('/opt/eq-cloud-a...')
#8 {main}<br />
SQL 语句:insert liveboxs (`userid`,`boxname`,`boxcode`,`image`,`status`,`dstatus`,`livepath`) values(?,?,?,?,?,?,?)<br />
PHP 5.5.22 (Linux)<br />

[2016-09-22 16:57:12]2016-09-22 16:57:12 <b>My ERROR</b> [5022] 执行SQL语句出错！Failed: 执行SQL语句出错！<br />
  Fatal error on line 208 in file /opt/eq-cloud-admin/public/cloudlive/class/plus/pdodatabase/pdodatabase.class.php<br />
#0 /opt/eq-cloud-admin/public/cloudlive/class/model/tvmbean.class.php(240): pdoDatabase->execute('insert liveboxs...', Array)
#1 /opt/eq-cloud-admin/public/cloudlive/class/model/tvmbean.class.php(269): Bean->update(true)
#2 /opt/eq-cloud-admin/public/cloudlive/class/module/boxmanage.class.php(299): Bean->save()
#3 [internal function]: BoxManage->addurl(Array)
#4 /opt/eq-cloud-admin/public/cloudlive/class/includes/public/core.class.php(284): call_user_func(Array, Array)
#5 /opt/eq-cloud-admin/public/cloudlive/class/includes/public/core.class.php(250): Core::setModel('/boxmanage/addu...')
#6 /opt/eq-cloud-admin/public/cloudlive/class/includes/default.inc.php(84): Core::getRoute()
#7 /opt/eq-cloud-admin/public/cloudlive/index.php(11): require_once('/opt/eq-cloud-a...')
#8 {main}<br />
SQL 语句:insert liveboxs (`userid`,`boxname`,`boxcode`,`image`,`status`,`dstatus`,`livepath`) values(?,?,?,?,?,?,?)<br />
PHP 5.5.22 (Linux)<br />

[2016-09-22 16:57:15]2016-09-22 16:57:15 <b>My ERROR</b> [5022] 执行SQL语句出错！Failed: 执行SQL语句出错！<br />
  Fatal error on line 208 in file /opt/eq-cloud-admin/public/cloudlive/class/plus/pdodatabase/pdodatabase.class.php<br />
#0 /opt/eq-cloud-admin/public/cloudlive/class/model/tvmbean.class.php(240): pdoDatabase->execute('insert liveboxs...', Array)
#1 /opt/eq-cloud-admin/public/cloudlive/class/model/tvmbean.class.php(269): Bean->update(true)
#2 /opt/eq-cloud-admin/public/cloudlive/class/module/boxmanage.class.php(299): Bean->save()
#3 [internal function]: BoxManage->addurl(Array)
#4 /opt/eq-cloud-admin/public/cloudlive/class/includes/public/core.class.php(284): call_user_func(Array, Array)
#5 /opt/eq-cloud-admin/public/cloudlive/class/includes/public/core.class.php(250): Core::setModel('/boxmanage/addu...')
#6 /opt/eq-cloud-admin/public/cloudlive/class/includes/default.inc.php(84): Core::getRoute()
#7 /opt/eq-cloud-admin/public/cloudlive/index.php(11): require_once('/opt/eq-cloud-a...')
#8 {main}<br />
SQL 语句:insert liveboxs (`userid`,`boxname`,`boxcode`,`image`,`status`,`dstatus`,`livepath`) values(?,?,?,?,?,?,?)<br />
PHP 5.5.22 (Linux)<br />

[2016-09-22 16:57:16]2016-09-22 16:57:16 <b>My ERROR</b> [5022] 执行SQL语句出错！Failed: 执行SQL语句出错！<br />
  Fatal error on line 208 in file /opt/eq-cloud-admin/public/cloudlive/class/plus/pdodatabase/pdodatabase.class.php<br />
#0 /opt/eq-cloud-admin/public/cloudlive/class/model/tvmbean.class.php(240): pdoDatabase->execute('insert liveboxs...', Array)
#1 /opt/eq-cloud-admin/public/cloudlive/class/model/tvmbean.class.php(269): Bean->update(true)
#2 /opt/eq-cloud-admin/public/cloudlive/class/module/boxmanage.class.php(299): Bean->save()
#3 [internal function]: BoxManage->addurl(Array)
#4 /opt/eq-cloud-admin/public/cloudlive/class/includes/public/core.class.php(284): call_user_func(Array, Array)
#5 /opt/eq-cloud-admin/public/cloudlive/class/includes/public/core.class.php(250): Core::setModel('/boxmanage/addu...')
#6 /opt/eq-cloud-admin/public/cloudlive/class/includes/default.inc.php(84): Core::getRoute()
#7 /opt/eq-cloud-admin/public/cloudlive/index.php(11): require_once('/opt/eq-cloud-a...')
#8 {main}<br />
SQL 语句:insert liveboxs (`userid`,`boxname`,`boxcode`,`image`,`status`,`dstatus`,`livepath`) values(?,?,?,?,?,?,?)<br />
PHP 5.5.22 (Linux)<br />

[2016-09-22 16:57:18]2016-09-22 16:57:18 <b>My ERROR</b> [5022] 执行SQL语句出错！Failed: 执行SQL语句出错！<br />
  Fatal error on line 208 in file /opt/eq-cloud-admin/public/cloudlive/class/plus/pdodatabase/pdodatabase.class.php<br />
#0 /opt/eq-cloud-admin/public/cloudlive/class/model/tvmbean.class.php(240): pdoDatabase->execute('insert liveboxs...', Array)
#1 /opt/eq-cloud-admin/public/cloudlive/class/model/tvmbean.class.php(269): Bean->update(true)
#2 /opt/eq-cloud-admin/public/cloudlive/class/module/boxmanage.class.php(299): Bean->save()
#3 [internal function]: BoxManage->addurl(Array)
#4 /opt/eq-cloud-admin/public/cloudlive/class/includes/public/core.class.php(284): call_user_func(Array, Array)
#5 /opt/eq-cloud-admin/public/cloudlive/class/includes/public/core.class.php(250): Core::setModel('/boxmanage/addu...')
#6 /opt/eq-cloud-admin/public/cloudlive/class/includes/default.inc.php(84): Core::getRoute()
#7 /opt/eq-cloud-admin/public/cloudlive/index.php(11): require_once('/opt/eq-cloud-a...')
#8 {main}<br />
SQL 语句:insert liveboxs (`userid`,`boxname`,`boxcode`,`image`,`status`,`dstatus`,`livepath`) values(?,?,?,?,?,?,?)<br />
PHP 5.5.22 (Linux)<br />

[2016-09-22 17:01:53]2016-09-22 17:01:53 <b>My ERROR</b> [5022] 执行SQL语句出错！Failed: 执行SQL语句出错！<br />
  Fatal error on line 208 in file /opt/eq-cloud-admin/public/cloudlive/class/plus/pdodatabase/pdodatabase.class.php<br />
#0 /opt/eq-cloud-admin/public/cloudlive/class/model/tvmbean.class.php(240): pdoDatabase->execute('insert liveboxs...', Array)
#1 /opt/eq-cloud-admin/public/cloudlive/class/model/tvmbean.class.php(269): Bean->update(true)
#2 /opt/eq-cloud-admin/public/cloudlive/class/module/boxmanage.class.php(299): Bean->save()
#3 [internal function]: BoxManage->addurl(Array)
#4 /opt/eq-cloud-admin/public/cloudlive/class/includes/public/core.class.php(284): call_user_func(Array, Array)
#5 /opt/eq-cloud-admin/public/cloudlive/class/includes/public/core.class.php(250): Core::setModel('/boxmanage/addu...')
#6 /opt/eq-cloud-admin/public/cloudlive/class/includes/default.inc.php(84): Core::getRoute()
#7 /opt/eq-cloud-admin/public/cloudlive/index.php(11): require_once('/opt/eq-cloud-a...')
#8 {main}<br />
SQL 语句:insert liveboxs (`userid`,`boxname`,`boxcode`,`image`,`status`,`dstatus`,`livepath`) values(?,?,?,?,?,?,?)<br />
PHP 5.5.22 (Linux)<br />

[2016-09-22 17:01:58]2016-09-22 17:01:58 <b>My ERROR</b> [5022] 执行SQL语句出错！Failed: 执行SQL语句出错！<br />
  Fatal error on line 208 in file /opt/eq-cloud-admin/public/cloudlive/class/plus/pdodatabase/pdodatabase.class.php<br />
#0 /opt/eq-cloud-admin/public/cloudlive/class/model/tvmbean.class.php(240): pdoDatabase->execute('insert liveboxs...', Array)
#1 /opt/eq-cloud-admin/public/cloudlive/class/model/tvmbean.class.php(269): Bean->update(true)
#2 /opt/eq-cloud-admin/public/cloudlive/class/module/boxmanage.class.php(299): Bean->save()
#3 [internal function]: BoxManage->addurl(Array)
#4 /opt/eq-cloud-admin/public/cloudlive/class/includes/public/core.class.php(284): call_user_func(Array, Array)
#5 /opt/eq-cloud-admin/public/cloudlive/class/includes/public/core.class.php(250): Core::setModel('/boxmanage/addu...')
#6 /opt/eq-cloud-admin/public/cloudlive/class/includes/default.inc.php(84): Core::getRoute()
#7 /opt/eq-cloud-admin/public/cloudlive/index.php(11): require_once('/opt/eq-cloud-a...')
#8 {main}<br />
SQL 语句:insert liveboxs (`userid`,`boxname`,`boxcode`,`image`,`status`,`dstatus`,`livepath`) values(?,?,?,?,?,?,?)<br />
PHP 5.5.22 (Linux)<br />

[2016-09-22 17:01:58]2016-09-22 17:01:58 <b>My ERROR</b> [5022] 执行SQL语句出错！Failed: 执行SQL语句出错！<br />
  Fatal error on line 208 in file /opt/eq-cloud-admin/public/cloudlive/class/plus/pdodatabase/pdodatabase.class.php<br />
#0 /opt/eq-cloud-admin/public/cloudlive/class/model/tvmbean.class.php(240): pdoDatabase->execute('insert liveboxs...', Array)
#1 /opt/eq-cloud-admin/public/cloudlive/class/model/tvmbean.class.php(269): Bean->update(true)
#2 /opt/eq-cloud-admin/public/cloudlive/class/module/boxmanage.class.php(299): Bean->save()
#3 [internal function]: BoxManage->addurl(Array)
#4 /opt/eq-cloud-admin/public/cloudlive/class/includes/public/core.class.php(284): call_user_func(Array, Array)
#5 /opt/eq-cloud-admin/public/cloudlive/class/includes/public/core.class.php(250): Core::setModel('/boxmanage/addu...')
#6 /opt/eq-cloud-admin/public/cloudlive/class/includes/default.inc.php(84): Core::getRoute()
#7 /opt/eq-cloud-admin/public/cloudlive/index.php(11): require_once('/opt/eq-cloud-a...')
#8 {main}<br />
SQL 语句:insert liveboxs (`userid`,`boxname`,`boxcode`,`image`,`status`,`dstatus`,`livepath`) values(?,?,?,?,?,?,?)<br />
PHP 5.5.22 (Linux)<br />

[2016-09-22 17:01:59]2016-09-22 17:01:59 <b>My ERROR</b> [5022] 执行SQL语句出错！Failed: 执行SQL语句出错！<br />
  Fatal error on line 208 in file /opt/eq-cloud-admin/public/cloudlive/class/plus/pdodatabase/pdodatabase.class.php<br />
#0 /opt/eq-cloud-admin/public/cloudlive/class/model/tvmbean.class.php(240): pdoDatabase->execute('insert liveboxs...', Array)
#1 /opt/eq-cloud-admin/public/cloudlive/class/model/tvmbean.class.php(269): Bean->update(true)
#2 /opt/eq-cloud-admin/public/cloudlive/class/module/boxmanage.class.php(299): Bean->save()
#3 [internal function]: BoxManage->addurl(Array)
#4 /opt/eq-cloud-admin/public/cloudlive/class/includes/public/core.class.php(284): call_user_func(Array, Array)
#5 /opt/eq-cloud-admin/public/cloudlive/class/includes/public/core.class.php(250): Core::setModel('/boxmanage/addu...')
#6 /opt/eq-cloud-admin/public/cloudlive/class/includes/default.inc.php(84): Core::getRoute()
#7 /opt/eq-cloud-admin/public/cloudlive/index.php(11): require_once('/opt/eq-cloud-a...')
#8 {main}<br />
SQL 语句:insert liveboxs (`userid`,`boxname`,`boxcode`,`image`,`status`,`dstatus`,`livepath`) values(?,?,?,?,?,?,?)<br />
PHP 5.5.22 (Linux)<br />

[2016-09-22 17:01:59]2016-09-22 17:01:59 <b>My ERROR</b> [5022] 执行SQL语句出错！Failed: 执行SQL语句出错！<br />
  Fatal error on line 208 in file /opt/eq-cloud-admin/public/cloudlive/class/plus/pdodatabase/pdodatabase.class.php<br />
#0 /opt/eq-cloud-admin/public/cloudlive/class/model/tvmbean.class.php(240): pdoDatabase->execute('insert liveboxs...', Array)
#1 /opt/eq-cloud-admin/public/cloudlive/class/model/tvmbean.class.php(269): Bean->update(true)
#2 /opt/eq-cloud-admin/public/cloudlive/class/module/boxmanage.class.php(299): Bean->save()
#3 [internal function]: BoxManage->addurl(Array)
#4 /opt/eq-cloud-admin/public/cloudlive/class/includes/public/core.class.php(284): call_user_func(Array, Array)
#5 /opt/eq-cloud-admin/public/cloudlive/class/includes/public/core.class.php(250): Core::setModel('/boxmanage/addu...')
#6 /opt/eq-cloud-admin/public/cloudlive/class/includes/default.inc.php(84): Core::getRoute()
#7 /opt/eq-cloud-admin/public/cloudlive/index.php(11): require_once('/opt/eq-cloud-a...')
#8 {main}<br />
SQL 语句:insert liveboxs (`userid`,`boxname`,`boxcode`,`image`,`status`,`dstatus`,`livepath`) values(?,?,?,?,?,?,?)<br />
PHP 5.5.22 (Linux)<br />

[2016-09-22 17:03:33]2016-09-22 17:03:33 <b>My ERROR</b> [5022] 执行SQL语句出错！Failed: 执行SQL语句出错！<br />
  Fatal error on line 208 in file /opt/eq-cloud-admin/public/cloudlive/class/plus/pdodatabase/pdodatabase.class.php<br />
#0 /opt/eq-cloud-admin/public/cloudlive/class/model/tvmbean.class.php(240): pdoDatabase->execute('insert liveboxs...', Array)
#1 /opt/eq-cloud-admin/public/cloudlive/class/model/tvmbean.class.php(269): Bean->update(true)
#2 /opt/eq-cloud-admin/public/cloudlive/class/module/boxmanage.class.php(299): Bean->save()
#3 [internal function]: BoxManage->addurl(Array)
#4 /opt/eq-cloud-admin/public/cloudlive/class/includes/public/core.class.php(284): call_user_func(Array, Array)
#5 /opt/eq-cloud-admin/public/cloudlive/class/includes/public/core.class.php(250): Core::setModel('/boxmanage/addu...')
#6 /opt/eq-cloud-admin/public/cloudlive/class/includes/default.inc.php(84): Core::getRoute()
#7 /opt/eq-cloud-admin/public/cloudlive/index.php(11): require_once('/opt/eq-cloud-a...')
#8 {main}<br />
SQL 语句:insert liveboxs (`userid`,`boxname`,`boxcode`,`image`,`status`,`dstatus`,`livepath`) values(?,?,?,?,?,?,?)<br />
PHP 5.5.22 (Linux)<br />

[2016-09-22 17:03:39]2016-09-22 17:03:39 <b>My ERROR</b> [5022] 执行SQL语句出错！Failed: 执行SQL语句出错！<br />
  Fatal error on line 208 in file /opt/eq-cloud-admin/public/cloudlive/class/plus/pdodatabase/pdodatabase.class.php<br />
#0 /opt/eq-cloud-admin/public/cloudlive/class/model/tvmbean.class.php(240): pdoDatabase->execute('insert liveboxs...', Array)
#1 /opt/eq-cloud-admin/public/cloudlive/class/model/tvmbean.class.php(269): Bean->update(true)
#2 /opt/eq-cloud-admin/public/cloudlive/class/module/boxmanage.class.php(299): Bean->save()
#3 [internal function]: BoxManage->addurl(Array)
#4 /opt/eq-cloud-admin/public/cloudlive/class/includes/public/core.class.php(284): call_user_func(Array, Array)
#5 /opt/eq-cloud-admin/public/cloudlive/class/includes/public/core.class.php(250): Core::setModel('/boxmanage/addu...')
#6 /opt/eq-cloud-admin/public/cloudlive/class/includes/default.inc.php(84): Core::getRoute()
#7 /opt/eq-cloud-admin/public/cloudlive/index.php(11): require_once('/opt/eq-cloud-a...')
#8 {main}<br />
SQL 语句:insert liveboxs (`userid`,`boxname`,`boxcode`,`image`,`status`,`dstatus`,`livepath`) values(?,?,?,?,?,?,?)<br />
PHP 5.5.22 (Linux)<br />

[2016-09-22 17:05:48]2016-09-22 17:05:48 <b>My ERROR</b> [5022] 执行SQL语句出错！Failed: 执行SQL语句出错！<br />
  Fatal error on line 208 in file /opt/eq-cloud-admin/public/cloudlive/class/plus/pdodatabase/pdodatabase.class.php<br />
#0 /opt/eq-cloud-admin/public/cloudlive/class/model/tvmbean.class.php(240): pdoDatabase->execute('insert liveboxs...', Array)
#1 /opt/eq-cloud-admin/public/cloudlive/class/model/tvmbean.class.php(269): Bean->update(true)
#2 /opt/eq-cloud-admin/public/cloudlive/class/module/boxmanage.class.php(299): Bean->save()
#3 [internal function]: BoxManage->addurl(Array)
#4 /opt/eq-cloud-admin/public/cloudlive/class/includes/public/core.class.php(284): call_user_func(Array, Array)
#5 /opt/eq-cloud-admin/public/cloudlive/class/includes/public/core.class.php(250): Core::setModel('/boxmanage/addu...')
#6 /opt/eq-cloud-admin/public/cloudlive/class/includes/default.inc.php(84): Core::getRoute()
#7 /opt/eq-cloud-admin/public/cloudlive/index.php(11): require_once('/opt/eq-cloud-a...')
#8 {main}<br />
SQL 语句:insert liveboxs (`userid`,`boxname`,`boxcode`,`image`,`status`,`dstatus`,`livepath`) values(?,?,?,?,?,?,?)<br />
PHP 5.5.22 (Linux)<br />

[2016-09-22 17:05:50]2016-09-22 17:05:50 <b>My ERROR</b> [5022] 执行SQL语句出错！Failed: 执行SQL语句出错！<br />
  Fatal error on line 208 in file /opt/eq-cloud-admin/public/cloudlive/class/plus/pdodatabase/pdodatabase.class.php<br />
#0 /opt/eq-cloud-admin/public/cloudlive/class/model/tvmbean.class.php(240): pdoDatabase->execute('insert liveboxs...', Array)
#1 /opt/eq-cloud-admin/public/cloudlive/class/model/tvmbean.class.php(269): Bean->update(true)
#2 /opt/eq-cloud-admin/public/cloudlive/class/module/boxmanage.class.php(299): Bean->save()
#3 [internal function]: BoxManage->addurl(Array)
#4 /opt/eq-cloud-admin/public/cloudlive/class/includes/public/core.class.php(284): call_user_func(Array, Array)
#5 /opt/eq-cloud-admin/public/cloudlive/class/includes/public/core.class.php(250): Core::setModel('/boxmanage/addu...')
#6 /opt/eq-cloud-admin/public/cloudlive/class/includes/default.inc.php(84): Core::getRoute()
#7 /opt/eq-cloud-admin/public/cloudlive/index.php(11): require_once('/opt/eq-cloud-a...')
#8 {main}<br />
SQL 语句:insert liveboxs (`userid`,`boxname`,`boxcode`,`image`,`status`,`dstatus`,`livepath`) values(?,?,?,?,?,?,?)<br />
PHP 5.5.22 (Linux)<br />

