[2016-08-29 14:16:57]2016-08-29 14:16:57 <b>My ERROR</b> [5022] 执行SQL语句出错！Failed: 执行SQL语句出错！<br />
  Fatal error on line 208 in file /opt/eq-cloud-admin/public/cloudlive/class/plus/pdodatabase/pdodatabase.class.php<br />
#0 /opt/eq-cloud-admin/public/cloudlive/class/model/tvmbean.class.php(232): pdoDatabase->execute('insert users_ex...', Array)
#1 /opt/eq-cloud-admin/public/cloudlive/class/model/tvmbean.class.php(261): Bean->update(true)
#2 /opt/eq-cloud-admin/public/cloudlive/class/model/tvmbusersext.class.php(19): Bean->save()
#3 /opt/eq-cloud-admin/public/cloudlive/class/module/users.class.php(102): bUsersExt->add('1000050004', NULL, NULL, NULL, '18611628220@tvm...')
#4 [internal function]: Users->user_register(Array)
#5 /opt/eq-cloud-admin/public/cloudlive/class/includes/public/core.class.php(284): call_user_func(Array, Array)
#6 /opt/eq-cloud-admin/public/cloudlive/class/includes/public/core.class.php(241): Core::setModel('/users/user_reg...')
#7 /opt/eq-cloud-admin/public/cloudlive/class/includes/default.inc.php(84): Core::getRoute()
#8 /opt/eq-cloud-admin/public/cloudlive/index.php(11): require_once('/opt/eq-cloud-a...')
#9 {main}<br />
SQL 语句:insert users_ext (id,email) values(?,?)<br />
PHP 5.5.22 (Linux)<br />

[2016-08-29 14:17:12]2016-08-29 14:17:12 <b>My ERROR</b> [5022] 执行SQL语句出错！Failed: 执行SQL语句出错！<br />
  Fatal error on line 208 in file /opt/eq-cloud-admin/public/cloudlive/class/plus/pdodatabase/pdodatabase.class.php<br />
#0 /opt/eq-cloud-admin/public/cloudlive/class/model/tvmbean.class.php(232): pdoDatabase->execute('insert users_ex...', Array)
#1 /opt/eq-cloud-admin/public/cloudlive/class/model/tvmbean.class.php(261): Bean->update(true)
#2 /opt/eq-cloud-admin/public/cloudlive/class/model/tvmbusersext.class.php(19): Bean->save()
#3 /opt/eq-cloud-admin/public/cloudlive/class/module/users.class.php(91): bUsersExt->add('1000050007', NULL, NULL, NULL, '18611628221@tvm...')
#4 [internal function]: Users->user_register(Array)
#5 /opt/eq-cloud-admin/public/cloudlive/class/includes/public/core.class.php(284): call_user_func(Array, Array)
#6 /opt/eq-cloud-admin/public/cloudlive/class/includes/public/core.class.php(241): Core::setModel('/users/user_reg...')
#7 /opt/eq-cloud-admin/public/cloudlive/class/includes/default.inc.php(84): Core::getRoute()
#8 /opt/eq-cloud-admin/public/cloudlive/index.php(11): require_once('/opt/eq-cloud-a...')
#9 {main}<br />
SQL 语句:insert users_ext (id,email) values(?,?)<br />
PHP 5.5.22 (Linux)<br />

[2016-08-29 14:40:38]2016-08-29 14:40:38 <b>My ERROR</b> [5022] 执行SQL语句出错！Failed: 执行SQL语句出错！<br />
  Fatal error on line 208 in file /opt/eq-cloud-admin/public/cloudlive/class/plus/pdodatabase/pdodatabase.class.php<br />
#0 /opt/eq-cloud-admin/public/cloudlive/class/model/tvmbean.class.php(232): pdoDatabase->execute('insert users_ex...', Array)
#1 /opt/eq-cloud-admin/public/cloudlive/class/model/tvmbean.class.php(261): Bean->update(true)
#2 /opt/eq-cloud-admin/public/cloudlive/class/model/tvmbusersext.class.php(19): Bean->save()
#3 /opt/eq-cloud-admin/public/cloudlive/class/module/users.class.php(102): bUsersExt->add('1000050010', NULL, NULL, NULL, '18800109171@tvm...')
#4 [internal function]: Users->user_register(Array)
#5 /opt/eq-cloud-admin/public/cloudlive/class/includes/public/core.class.php(284): call_user_func(Array, Array)
#6 /opt/eq-cloud-admin/public/cloudlive/class/includes/public/core.class.php(241): Core::setModel('/users/user_reg...')
#7 /opt/eq-cloud-admin/public/cloudlive/class/includes/default.inc.php(84): Core::getRoute()
#8 /opt/eq-cloud-admin/public/cloudlive/index.php(11): require_once('/opt/eq-cloud-a...')
#9 {main}<br />
SQL 语句:insert users_ext (id,email) values(?,?)<br />
PHP 5.5.22 (Linux)<br />

