[2016-10-14 15:32:29]2016-10-14 15:32:29 <b>My ERROR</b> [5022] 执行SQL语句出错！Failed: 执行SQL语句出错！<br />
  Fatal error on line 208 in file /opt/tvmlive/cloudlive/class/plus/pdodatabase/pdodatabase.class.php<br />
#0 /opt/tvmlive/cloudlive/class/model/tvmbean.class.php(240): pdoDatabase->execute('update liveboxs...', Array)
#1 /opt/tvmlive/cloudlive/class/model/tvmbean.class.php(267): Bean->update()
#2 /opt/tvmlive/cloudlive/class/module/box.class.php(54): Bean->save()
#3 [internal function]: Box->add_box(Array)
#4 /opt/tvmlive/cloudlive/class/includes/public/core.class.php(284): call_user_func(Array, Array)
#5 /opt/tvmlive/cloudlive/class/includes/public/core.class.php(232): Core::setModel('/box/add_box')
#6 /opt/tvmlive/cloudlive/class/includes/default.inc.php(84): Core::getRoute()
#7 /opt/tvmlive/cloudlive/index.php(11): require_once('/opt/tvmlive/cl...')
#8 {main}<br />
SQL 语句:update liveboxs set `userid` = ?,`boxname` = ?,`del_time` = ?,`status` = ?,`dstatus` = ? where id='10015'<br />
PHP 5.5.22 (Linux)<br />

[2016-10-14 15:32:36]2016-10-14 15:32:36 <b>My ERROR</b> [5022] 执行SQL语句出错！Failed: 执行SQL语句出错！<br />
  Fatal error on line 208 in file /opt/tvmlive/cloudlive/class/plus/pdodatabase/pdodatabase.class.php<br />
#0 /opt/tvmlive/cloudlive/class/model/tvmbean.class.php(240): pdoDatabase->execute('update liveboxs...', Array)
#1 /opt/tvmlive/cloudlive/class/model/tvmbean.class.php(267): Bean->update()
#2 /opt/tvmlive/cloudlive/class/module/box.class.php(54): Bean->save()
#3 [internal function]: Box->add_box(Array)
#4 /opt/tvmlive/cloudlive/class/includes/public/core.class.php(284): call_user_func(Array, Array)
#5 /opt/tvmlive/cloudlive/class/includes/public/core.class.php(232): Core::setModel('/box/add_box')
#6 /opt/tvmlive/cloudlive/class/includes/default.inc.php(84): Core::getRoute()
#7 /opt/tvmlive/cloudlive/index.php(11): require_once('/opt/tvmlive/cl...')
#8 {main}<br />
SQL 语句:update liveboxs set `userid` = ?,`boxname` = ?,`del_time` = ?,`status` = ?,`dstatus` = ? where id='10015'<br />
PHP 5.5.22 (Linux)<br />

[2016-10-14 15:32:50]2016-10-14 15:32:50 <b>My ERROR</b> [5022] 执行SQL语句出错！Failed: 执行SQL语句出错！<br />
  Fatal error on line 208 in file /opt/tvmlive/cloudlive/class/plus/pdodatabase/pdodatabase.class.php<br />
#0 /opt/tvmlive/cloudlive/class/model/tvmbean.class.php(240): pdoDatabase->execute('update liveboxs...', Array)
#1 /opt/tvmlive/cloudlive/class/model/tvmbean.class.php(267): Bean->update()
#2 /opt/tvmlive/cloudlive/class/module/box.class.php(54): Bean->save()
#3 [internal function]: Box->add_box(Array)
#4 /opt/tvmlive/cloudlive/class/includes/public/core.class.php(284): call_user_func(Array, Array)
#5 /opt/tvmlive/cloudlive/class/includes/public/core.class.php(232): Core::setModel('/box/add_box')
#6 /opt/tvmlive/cloudlive/class/includes/default.inc.php(84): Core::getRoute()
#7 /opt/tvmlive/cloudlive/index.php(11): require_once('/opt/tvmlive/cl...')
#8 {main}<br />
SQL 语句:update liveboxs set `userid` = ?,`boxname` = ?,`del_time` = ?,`status` = ?,`dstatus` = ? where id='10015'<br />
PHP 5.5.22 (Linux)<br />

[2016-10-14 15:32:51]2016-10-14 15:32:51 <b>My ERROR</b> [5022] 执行SQL语句出错！Failed: 执行SQL语句出错！<br />
  Fatal error on line 208 in file /opt/tvmlive/cloudlive/class/plus/pdodatabase/pdodatabase.class.php<br />
#0 /opt/tvmlive/cloudlive/class/model/tvmbean.class.php(240): pdoDatabase->execute('update liveboxs...', Array)
#1 /opt/tvmlive/cloudlive/class/model/tvmbean.class.php(267): Bean->update()
#2 /opt/tvmlive/cloudlive/class/module/box.class.php(54): Bean->save()
#3 [internal function]: Box->add_box(Array)
#4 /opt/tvmlive/cloudlive/class/includes/public/core.class.php(284): call_user_func(Array, Array)
#5 /opt/tvmlive/cloudlive/class/includes/public/core.class.php(232): Core::setModel('/box/add_box')
#6 /opt/tvmlive/cloudlive/class/includes/default.inc.php(84): Core::getRoute()
#7 /opt/tvmlive/cloudlive/index.php(11): require_once('/opt/tvmlive/cl...')
#8 {main}<br />
SQL 语句:update liveboxs set `userid` = ?,`boxname` = ?,`del_time` = ?,`status` = ?,`dstatus` = ? where id='10015'<br />
PHP 5.5.22 (Linux)<br />

[2016-10-14 15:32:51]2016-10-14 15:32:51 <b>My ERROR</b> [5022] 执行SQL语句出错！Failed: 执行SQL语句出错！<br />
  Fatal error on line 208 in file /opt/tvmlive/cloudlive/class/plus/pdodatabase/pdodatabase.class.php<br />
#0 /opt/tvmlive/cloudlive/class/model/tvmbean.class.php(240): pdoDatabase->execute('update liveboxs...', Array)
#1 /opt/tvmlive/cloudlive/class/model/tvmbean.class.php(267): Bean->update()
#2 /opt/tvmlive/cloudlive/class/module/box.class.php(54): Bean->save()
#3 [internal function]: Box->add_box(Array)
#4 /opt/tvmlive/cloudlive/class/includes/public/core.class.php(284): call_user_func(Array, Array)
#5 /opt/tvmlive/cloudlive/class/includes/public/core.class.php(232): Core::setModel('/box/add_box')
#6 /opt/tvmlive/cloudlive/class/includes/default.inc.php(84): Core::getRoute()
#7 /opt/tvmlive/cloudlive/index.php(11): require_once('/opt/tvmlive/cl...')
#8 {main}<br />
SQL 语句:update liveboxs set `userid` = ?,`boxname` = ?,`del_time` = ?,`status` = ?,`dstatus` = ? where id='10015'<br />
PHP 5.5.22 (Linux)<br />

[2016-10-14 15:33:08]2016-10-14 15:33:08 <b>My ERROR</b> [5022] 执行SQL语句出错！Failed: 执行SQL语句出错！<br />
  Fatal error on line 208 in file /opt/tvmlive/cloudlive/class/plus/pdodatabase/pdodatabase.class.php<br />
#0 /opt/tvmlive/cloudlive/class/model/tvmbean.class.php(240): pdoDatabase->execute('update liveboxs...', Array)
#1 /opt/tvmlive/cloudlive/class/model/tvmbean.class.php(267): Bean->update()
#2 /opt/tvmlive/cloudlive/class/module/box.class.php(54): Bean->save()
#3 [internal function]: Box->add_box(Array)
#4 /opt/tvmlive/cloudlive/class/includes/public/core.class.php(284): call_user_func(Array, Array)
#5 /opt/tvmlive/cloudlive/class/includes/public/core.class.php(232): Core::setModel('/box/add_box')
#6 /opt/tvmlive/cloudlive/class/includes/default.inc.php(84): Core::getRoute()
#7 /opt/tvmlive/cloudlive/index.php(11): require_once('/opt/tvmlive/cl...')
#8 {main}<br />
SQL 语句:update liveboxs set `userid` = ?,`boxname` = ?,`del_time` = ?,`status` = ?,`dstatus` = ? where id='10015'<br />
PHP 5.5.22 (Linux)<br />

[2016-10-14 15:33:09]2016-10-14 15:33:09 <b>My ERROR</b> [5022] 执行SQL语句出错！Failed: 执行SQL语句出错！<br />
  Fatal error on line 208 in file /opt/tvmlive/cloudlive/class/plus/pdodatabase/pdodatabase.class.php<br />
#0 /opt/tvmlive/cloudlive/class/model/tvmbean.class.php(240): pdoDatabase->execute('update liveboxs...', Array)
#1 /opt/tvmlive/cloudlive/class/model/tvmbean.class.php(267): Bean->update()
#2 /opt/tvmlive/cloudlive/class/module/box.class.php(54): Bean->save()
#3 [internal function]: Box->add_box(Array)
#4 /opt/tvmlive/cloudlive/class/includes/public/core.class.php(284): call_user_func(Array, Array)
#5 /opt/tvmlive/cloudlive/class/includes/public/core.class.php(232): Core::setModel('/box/add_box')
#6 /opt/tvmlive/cloudlive/class/includes/default.inc.php(84): Core::getRoute()
#7 /opt/tvmlive/cloudlive/index.php(11): require_once('/opt/tvmlive/cl...')
#8 {main}<br />
SQL 语句:update liveboxs set `userid` = ?,`boxname` = ?,`del_time` = ?,`status` = ?,`dstatus` = ? where id='10015'<br />
PHP 5.5.22 (Linux)<br />

[2016-10-14 15:42:49]2016-10-14 15:42:49 <b>My ERROR</b> [5022] 执行SQL语句出错！Failed: 执行SQL语句出错！<br />
  Fatal error on line 208 in file /opt/tvmlive/cloudlive/class/plus/pdodatabase/pdodatabase.class.php<br />
#0 /opt/tvmlive/cloudlive/class/model/tvmbean.class.php(240): pdoDatabase->execute('update liveboxs...', Array)
#1 /opt/tvmlive/cloudlive/class/model/tvmbean.class.php(267): Bean->update()
#2 /opt/tvmlive/cloudlive/class/module/box.class.php(54): Bean->save()
#3 [internal function]: Box->add_box(Array)
#4 /opt/tvmlive/cloudlive/class/includes/public/core.class.php(284): call_user_func(Array, Array)
#5 /opt/tvmlive/cloudlive/class/includes/public/core.class.php(232): Core::setModel('/box/add_box')
#6 /opt/tvmlive/cloudlive/class/includes/default.inc.php(84): Core::getRoute()
#7 /opt/tvmlive/cloudlive/index.php(11): require_once('/opt/tvmlive/cl...')
#8 {main}<br />
SQL 语句:update liveboxs set `userid` = ?,`boxname` = ?,`del_time` = ?,`status` = ?,`dstatus` = ? where id='10015'<br />
PHP 5.5.22 (Linux)<br />

[2016-10-14 15:49:51]2016-10-14 15:49:51 <b>My ERROR</b> [5022] 执行SQL语句出错！Failed: 执行SQL语句出错！<br />
  Fatal error on line 208 in file /opt/tvmlive/cloudlive/class/plus/pdodatabase/pdodatabase.class.php<br />
#0 /opt/tvmlive/cloudlive/class/model/tvmbean.class.php(240): pdoDatabase->execute('update liveboxs...', Array)
#1 /opt/tvmlive/cloudlive/class/model/tvmbean.class.php(267): Bean->update()
#2 /opt/tvmlive/cloudlive/class/module/box.class.php(54): Bean->save()
#3 [internal function]: Box->add_box(Array)
#4 /opt/tvmlive/cloudlive/class/includes/public/core.class.php(284): call_user_func(Array, Array)
#5 /opt/tvmlive/cloudlive/class/includes/public/core.class.php(232): Core::setModel('/box/add_box')
#6 /opt/tvmlive/cloudlive/class/includes/default.inc.php(84): Core::getRoute()
#7 /opt/tvmlive/cloudlive/index.php(11): require_once('/opt/tvmlive/cl...')
#8 {main}<br />
SQL 语句:update liveboxs set `userid` = ?,`boxname` = ?,`del_time` = ?,`status` = ?,`dstatus` = ? where id='10015'<br />
PHP 5.5.22 (Linux)<br />

[2016-10-14 15:52:56]2016-10-14 15:52:56 <b>My ERROR</b> [5022] 执行SQL语句出错！Failed: 执行SQL语句出错！<br />
  Fatal error on line 208 in file /opt/tvmlive/cloudlive/class/plus/pdodatabase/pdodatabase.class.php<br />
#0 /opt/tvmlive/cloudlive/class/model/tvmbean.class.php(240): pdoDatabase->execute('update liveboxs...', Array)
#1 /opt/tvmlive/cloudlive/class/model/tvmbean.class.php(267): Bean->update()
#2 /opt/tvmlive/cloudlive/class/module/box.class.php(54): Bean->save()
#3 [internal function]: Box->add_box(Array)
#4 /opt/tvmlive/cloudlive/class/includes/public/core.class.php(284): call_user_func(Array, Array)
#5 /opt/tvmlive/cloudlive/class/includes/public/core.class.php(232): Core::setModel('/box/add_box')
#6 /opt/tvmlive/cloudlive/class/includes/default.inc.php(84): Core::getRoute()
#7 /opt/tvmlive/cloudlive/index.php(11): require_once('/opt/tvmlive/cl...')
#8 {main}<br />
SQL 语句:update liveboxs set `userid` = ?,`boxname` = ?,`del_time` = ?,`status` = ?,`dstatus` = ? where id='10015'<br />
PHP 5.5.22 (Linux)<br />

[2016-10-14 15:53:39]2016-10-14 15:53:39 <b>My ERROR</b> [5022] 执行SQL语句出错！Failed: 执行SQL语句出错！<br />
  Fatal error on line 208 in file /opt/tvmlive/cloudlive/class/plus/pdodatabase/pdodatabase.class.php<br />
#0 /opt/tvmlive/cloudlive/class/model/tvmbean.class.php(240): pdoDatabase->execute('update liveboxs...', Array)
#1 /opt/tvmlive/cloudlive/class/model/tvmbean.class.php(267): Bean->update()
#2 /opt/tvmlive/cloudlive/class/module/box.class.php(54): Bean->save()
#3 [internal function]: Box->add_box(Array)
#4 /opt/tvmlive/cloudlive/class/includes/public/core.class.php(284): call_user_func(Array, Array)
#5 /opt/tvmlive/cloudlive/class/includes/public/core.class.php(232): Core::setModel('/box/add_box')
#6 /opt/tvmlive/cloudlive/class/includes/default.inc.php(84): Core::getRoute()
#7 /opt/tvmlive/cloudlive/index.php(11): require_once('/opt/tvmlive/cl...')
#8 {main}<br />
SQL 语句:update liveboxs set `userid` = ?,`boxname` = ?,`del_time` = ?,`status` = ?,`dstatus` = ? where id='10015'<br />
PHP 5.5.22 (Linux)<br />

